2021-11-07 19:55:49,710 INFO :: Initialized connection towards binance future
2021-11-07 19:55:53,311 ERROR :: 400 https://testnet.binancefuture.com/fapi/v1/order POST {'code': -1102, 'msg': "Mandatory parameter 'type' was not sent, was empty/null, or malformed."}
2021-11-07 19:56:50,586 INFO :: Initialized connection towards binance future
2021-11-07 19:56:52,478 ERROR :: 400 https://testnet.binancefuture.com/fapi/v1/order POST {'code': -1102, 'msg': "Mandatory parameter 'type' was not sent, was empty/null, or malformed."}
2021-11-07 19:59:40,616 INFO :: Initialized connection towards binance future
2021-11-07 19:59:42,671 ERROR :: 400 https://testnet.binancefuture.com/fapi/v1/order POST {'code': -2007, 'msg': 'Invalid callBack rate.'}
2021-11-07 20:01:13,595 INFO :: Initialized connection towards binance future
2021-11-07 20:01:24,920 INFO :: Initialized connection towards binance future
2021-11-07 20:01:26,707 ERROR :: 400 https://testnet.binancefuture.com/fapi/v1/order POST {'code': -1102, 'msg': "Mandatory parameter 'timeInForce' was not sent, was empty/null, or malformed."}
2021-11-07 20:03:01,369 INFO :: Initialized connection towards binance future
2021-11-07 20:03:39,813 INFO :: Initialized connection towards binance future
2021-11-07 20:03:41,490 ERROR :: 400 https://testnet.binancefuture.com/fapi/v1/order GET {'code': -1022, 'msg': 'Signature for this request is not valid.'}
2021-11-07 20:05:23,462 INFO :: Initialized connection towards binance future
2021-11-07 20:06:29,772 INFO :: Initialized connection towards binance future
2021-11-07 20:06:43,747 INFO :: Initialized connection towards binance future
2021-11-13 19:20:03,760 INFO :: Binance wss connection opened
2021-11-13 19:20:03,763 ERROR :: Binance wss error: Connection to remote host was lost.
2021-11-13 19:20:03,763 ERROR :: error from callback <bound method BinanceFutureConnector.on_close of <binance_future_api.BinanceFutureConnector object at 0x7f98763ef2e0>>: on_close() takes 2 positional arguments but 4 were given
2021-11-13 19:20:03,763 ERROR :: Binance wss error: on_close() takes 2 positional arguments but 4 were given
2021-11-13 19:20:03,764 INFO :: Initialized connection towards binance future
2021-11-13 19:20:27,927 INFO :: Binance wss connection opened
2021-11-13 19:20:27,927 ERROR :: Binance wss error: Connection to remote host was lost.
2021-11-13 19:20:27,928 ERROR :: error from callback <bound method BinanceFutureConnector.on_close of <binance_future_api.BinanceFutureConnector object at 0x7f280d9917c0>>: on_close() takes 2 positional arguments but 4 were given
2021-11-13 19:20:27,928 ERROR :: Binance wss error: on_close() takes 2 positional arguments but 4 were given
2021-11-13 19:20:27,928 INFO :: Initialized connection towards binance future
2021-11-13 19:22:32,083 INFO :: Initialized connection towards binance future
2021-11-13 19:22:33,570 INFO :: Binance wss connection opened
2021-11-13 19:22:33,571 ERROR :: Binance wss error: Connection to remote host was lost.
2021-11-13 19:22:33,571 ERROR :: error from callback <bound method BinanceFutureConnector.on_close of <binance_future_api.BinanceFutureConnector object at 0x7f072ccddc10>>: on_close() takes 2 positional arguments but 4 were given
2021-11-13 19:22:33,571 ERROR :: Binance wss error: on_close() takes 2 positional arguments but 4 were given
2021-11-13 19:22:55,031 INFO :: Initialized connection towards binance future
2021-11-13 19:22:56,507 ERROR :: error from callback <bound method BinanceFutureConnector.on_open of <binance_future_api.BinanceFutureConnector object at 0x7fb712af5be0>>: on_open() takes 1 positional argument but 2 were given
2021-11-13 19:22:56,508 ERROR :: error from callback <bound method BinanceFutureConnector.on_error of <binance_future_api.BinanceFutureConnector object at 0x7fb712af5be0>>: on_error() takes 2 positional arguments but 3 were given
2021-11-13 19:25:15,497 INFO :: Initialized connection towards binance future
2021-11-13 19:25:16,998 INFO :: Binance wss connection opened
2021-11-13 19:25:16,999 ERROR :: Binance wss error: Connection to remote host was lost.
2021-11-13 19:25:16,999 ERROR :: error from callback <bound method BinanceFutureConnector.on_close of <binance_future_api.BinanceFutureConnector object at 0x7f453dbd9c10>>: on_close() takes 2 positional arguments but 4 were given
2021-11-13 19:25:17,000 ERROR :: Binance wss error: on_close() takes 2 positional arguments but 4 were given
2021-11-13 19:27:33,058 INFO :: Initialized connection towards binance future
2021-11-13 19:27:34,624 ERROR :: error from callback <bound method BinanceFutureConnector.on_open of <binance_future_api.BinanceFutureConnector object at 0x7f12aa9a97c0>>: on_open() missing 1 required positional argument: 'ws'
2021-11-13 19:27:34,625 ERROR :: error from callback <bound method BinanceFutureConnector.on_error of <binance_future_api.BinanceFutureConnector object at 0x7f12aa9a97c0>>: on_error() missing 1 required positional argument: 'msg'
2021-11-13 19:27:34,625 ERROR :: error from callback <bound method BinanceFutureConnector.on_close of <binance_future_api.BinanceFutureConnector object at 0x7f12aa9a97c0>>: on_close() missing 1 required positional argument: 'ws'
2021-11-13 19:28:26,087 INFO :: Initialized connection towards binance future
2021-11-13 19:28:27,668 INFO :: Binance wss connection opened
2021-11-13 19:28:27,669 ERROR :: Binance wss error: Connection is already closed.
2021-11-13 19:28:27,669 WARNING :: Binance wss connection closed
2021-11-13 19:30:41,795 INFO :: Initialized connection towards binance future
2021-11-13 19:30:43,348 INFO :: Binance wss connection opened
2021-11-13 19:30:43,348 ERROR :: Binance wss error: Connection is already closed.
2021-11-13 19:30:43,349 WARNING :: Binance wss connection closed
2021-11-13 19:31:30,707 INFO :: Initialized connection towards binance future
2021-11-13 19:31:32,523 ERROR :: error from callback <bound method BinanceFutureConnector.on_open of <binance_future_api.BinanceFutureConnector object at 0x7ff4431dd7f0>>: on_open() takes 1 positional argument but 2 were given
2021-11-13 19:31:32,523 ERROR :: error from callback <bound method BinanceFutureConnector.on_error of <binance_future_api.BinanceFutureConnector object at 0x7ff4431dd7f0>>: on_error() takes 2 positional arguments but 3 were given
2021-11-13 19:31:32,524 ERROR :: error from callback <bound method BinanceFutureConnector.on_close of <binance_future_api.BinanceFutureConnector object at 0x7ff4431dd7f0>>: on_close() takes 1 positional argument but 2 were given
2021-11-13 19:33:20,662 INFO :: Initialized connection towards binance future
2021-11-13 19:33:22,168 ERROR :: error from callback <bound method BinanceFutureConnector.on_open of <binance_future_api.BinanceFutureConnector object at 0x7fcf76a6ec10>>: on_open() takes 1 positional argument but 2 were given
2021-11-13 19:33:50,578 INFO :: Initialized connection towards binance future
2021-11-13 19:33:52,275 INFO :: Binance wss connection opened
2021-11-13 19:37:24,987 INFO :: Initialized connection towards binance future
2021-11-13 19:37:26,493 INFO :: Binance wss connection opened
2021-11-13 19:48:04,249 INFO :: Initialized connection towards binance future
2021-11-13 19:48:05,780 INFO :: Binance wss connection opened
2021-11-13 19:48:05,780 ERROR :: error from callback <bound method BinanceFutureConnector.on_open of <binance_future_api.BinanceFutureConnector object at 0x7f29dc020c10>>: dump() missing 1 required positional argument: 'fp'
2021-11-13 19:48:35,861 INFO :: Initialized connection towards binance future
2021-11-13 19:48:37,319 INFO :: Binance wss connection opened
2021-11-13 19:49:08,213 INFO :: Initialized connection towards binance future
2021-11-13 19:49:09,682 INFO :: Binance wss connection opened
2021-11-13 19:56:04,456 INFO :: Initialized connection towards binance future
2021-11-13 19:56:06,039 INFO :: Binance wss connection opened
2021-11-13 19:56:58,279 INFO :: Initialized connection towards binance future
2021-11-13 19:56:59,788 INFO :: Binance wss connection opened
2021-11-14 19:28:53,024 INFO :: Initialized connection towards binance future
2021-11-14 19:28:54,920 INFO :: Binance wss connection opened
2021-11-14 19:39:39,768 INFO :: Initialized connection towards binance future
2021-11-14 19:39:40,929 INFO :: Binance wss connection opened
2021-11-14 19:40:07,798 INFO :: Initialized connection towards binance future
2021-11-14 19:40:09,054 INFO :: Binance wss connection opened
2021-11-14 19:41:07,015 INFO :: Initialized connection towards binance future
2021-11-14 19:41:08,263 INFO :: Binance wss connection opened
2021-11-14 19:42:29,483 INFO :: Initialized connection towards binance future
2021-11-14 19:42:30,776 INFO :: Binance wss connection opened
2021-11-14 19:50:24,421 INFO :: Initialized connection towards binance future
2021-11-14 19:50:25,630 INFO :: Binance wss connection opened
2021-11-14 19:50:56,753 INFO :: Initialized connection towards binance future
2021-11-14 19:50:57,991 INFO :: Binance wss connection opened
2021-11-14 19:51:41,169 INFO :: Initialized connection towards binance future
2021-11-14 19:51:42,431 INFO :: Binance wss connection opened
2021-11-14 19:52:37,094 INFO :: Initialized connection towards binance future
2021-11-14 19:52:38,338 INFO :: Binance wss connection opened
2021-11-14 19:52:57,106 INFO :: Initialized connection towards binance future
2021-11-14 19:52:58,888 INFO :: Binance wss connection opened
2021-11-14 19:53:28,611 INFO :: Initialized connection towards binance future
2021-11-14 19:53:29,843 INFO :: Binance wss connection opened
2021-11-14 19:54:33,498 INFO :: Initialized connection towards binance future
2021-11-14 19:54:34,760 INFO :: Binance wss connection opened
2021-11-14 20:03:34,088 INFO :: Initialized connection towards binance future
2021-11-14 20:03:35,630 INFO :: Binance wss connection opened
2021-11-14 20:04:12,998 INFO :: Initialized connection towards binance future
2021-11-14 20:04:14,540 INFO :: Binance wss connection opened
2021-11-14 20:04:34,092 INFO :: Initialized connection towards binance future
2021-11-14 20:04:35,624 INFO :: Binance wss connection opened
2021-11-14 20:05:49,557 INFO :: Initialized connection towards binance future
2021-11-14 20:05:51,090 INFO :: Binance wss connection opened
2021-11-14 20:14:46,637 INFO :: Initialized connection towards binance future
2021-11-14 20:14:48,174 INFO :: Binance wss connection opened
2021-11-17 21:53:07,333 INFO :: Initialized connection towards binance future
2021-11-17 21:53:08,867 INFO :: Binance wss connection opened
2021-11-17 21:55:03,973 INFO :: Initialized connection towards binance future
2021-11-17 21:55:05,505 INFO :: Binance wss connection opened
2021-11-17 21:55:52,307 INFO :: Initialized connection towards binance future
2021-11-17 21:55:53,837 INFO :: Binance wss connection opened
2021-11-17 21:57:12,173 INFO :: Initialized connection towards binance future
2021-11-17 21:57:13,606 INFO :: Binance wss connection opened
2021-11-17 21:57:42,587 INFO :: Initialized connection towards binance future
2021-11-17 21:57:44,122 INFO :: Binance wss connection opened
2021-11-17 21:58:53,347 INFO :: Initialized connection towards binance future
2021-11-17 21:58:54,880 INFO :: Binance wss connection opened
2021-11-17 21:59:25,707 INFO :: Initialized connection towards binance future
2021-11-17 21:59:27,238 INFO :: Binance wss connection opened
2021-11-17 22:02:17,128 INFO :: Initialized connection towards binance future
2021-11-17 22:02:18,658 INFO :: Binance wss connection opened
2021-11-17 22:02:18,658 ERROR :: error from callback <bound method BinanceFutureConnector._on_open of <binance_future_api.BinanceFutureConnector object at 0x7f6037d50700>>: 'str' object has no attribute 'symbol'
2021-11-17 22:02:48,970 INFO :: Initialized connection towards binance future
2021-11-17 22:02:50,504 INFO :: Binance wss connection opened
2021-11-17 22:02:50,505 ERROR :: error from callback <bound method BinanceFutureConnector._on_open of <binance_future_api.BinanceFutureConnector object at 0x7f025b65a6d0>>: 'str' object has no attribute 'symbol'
2021-11-17 22:03:08,840 INFO :: Initialized connection towards binance future
2021-11-17 22:03:10,370 INFO :: Binance wss connection opened
2021-11-17 22:05:17,148 INFO :: Initialized connection towards binance future
2021-11-17 22:05:18,781 INFO :: Binance wss connection opened
2021-11-17 22:07:19,109 INFO :: Initialized connection towards binance future
2021-11-17 22:07:20,652 INFO :: Binance wss connection opened
2021-11-17 22:08:13,169 INFO :: Initialized connection towards binance future
2021-11-17 22:08:14,699 INFO :: Binance wss connection opened
2021-11-17 22:10:26,806 INFO :: Initialized connection towards binance future
2021-11-17 22:10:28,340 INFO :: Binance wss connection opened
2021-11-17 22:10:55,895 INFO :: Initialized connection towards binance future
2021-11-17 22:10:57,431 INFO :: Binance wss connection opened
2021-11-17 22:11:13,916 INFO :: Initialized connection towards binance future
2021-11-17 22:11:15,450 INFO :: Binance wss connection opened
2021-11-17 22:13:26,939 INFO :: Initialized connection towards binance future
2021-11-17 22:13:28,476 INFO :: Binance wss connection opened
2021-11-17 22:13:28,476 ERROR :: error from callback <bound method BinanceFutureConnector._on_open of <binance_future_api.BinanceFutureConnector object at 0x7f8bf854f700>>: 'str' object has no attribute 'symbol'
2021-11-17 22:15:19,377 INFO :: Initialized connection towards binance future
2021-11-17 22:15:20,930 INFO :: Binance wss connection opened
2021-11-17 22:15:43,755 INFO :: Initialized connection towards binance future
2021-11-17 22:15:45,284 INFO :: Binance wss connection opened
2021-11-17 22:15:45,591 ERROR :: error from callback <bound method BinanceFutureConnector._on_message of <binance_future_api.BinanceFutureConnector object at 0x7f8e38da3700>>: local variable 'symbol' referenced before assignment
2021-11-17 22:16:16,100 INFO :: Initialized connection towards binance future
2021-11-17 22:16:17,630 INFO :: Binance wss connection opened
2021-11-17 22:16:37,493 INFO :: Initialized connection towards binance future
2021-11-17 22:16:39,027 INFO :: Binance wss connection opened
2021-11-17 22:18:38,325 INFO :: Initialized connection towards binance future
2021-11-17 22:18:39,861 INFO :: Binance wss connection opened
2021-11-17 22:19:31,680 INFO :: Initialized connection towards binance future
2021-11-17 22:19:33,216 INFO :: Binance wss connection opened
2021-11-17 22:19:59,122 INFO :: Initialized connection towards binance future
2021-11-17 22:20:00,613 INFO :: Binance wss connection opened
2021-11-17 22:20:56,049 INFO :: Initialized connection towards binance future
2021-11-17 22:20:57,275 INFO :: Binance wss connection opened
2021-11-17 22:21:18,888 INFO :: Initialized connection towards binance future
2021-11-17 22:21:20,213 INFO :: Binance wss connection opened
2021-11-17 22:21:58,208 INFO :: Initialized connection towards binance future
2021-11-17 22:21:59,431 INFO :: Binance wss connection opened
2021-11-17 22:28:07,460 INFO :: Initialized connection towards binance future
2021-11-17 22:28:08,711 INFO :: Binance wss connection opened
2021-11-17 22:28:45,265 INFO :: Initialized connection towards binance future
2021-11-17 22:28:46,493 INFO :: Binance wss connection opened
2021-11-17 22:29:09,129 INFO :: Initialized connection towards binance future
2021-11-17 22:29:10,657 INFO :: Binance wss connection opened
2021-11-17 22:30:45,175 INFO :: Initialized connection towards binance future
2021-11-17 22:30:46,705 INFO :: Binance wss connection opened
2021-11-17 22:31:04,021 INFO :: Initialized connection towards binance future
2021-11-17 22:31:05,239 INFO :: Binance wss connection opened
2021-11-17 22:31:42,210 INFO :: Initialized connection towards binance future
2021-11-17 22:31:43,434 INFO :: Binance wss connection opened
2021-11-17 22:32:40,783 INFO :: Initialized connection towards binance future
2021-11-17 22:32:42,348 INFO :: Binance wss connection opened
2021-11-17 22:33:33,928 INFO :: Initialized connection towards binance future
2021-11-17 22:33:35,153 INFO :: Binance wss connection opened
2021-11-17 22:34:33,014 INFO :: Initialized connection towards binance future
2021-11-17 22:34:34,343 INFO :: Binance wss connection opened
2021-11-17 22:34:53,287 INFO :: Initialized connection towards binance future
2021-11-17 22:34:54,479 INFO :: Binance wss connection opened
2021-11-17 22:35:02,094 INFO :: Initialized connection towards binance future
2021-11-17 22:35:03,322 INFO :: Binance wss connection opened
2021-11-17 22:36:15,419 INFO :: Initialized connection towards binance future
2021-11-17 22:36:16,749 INFO :: Binance wss connection opened
2021-11-17 22:36:27,197 INFO :: Initialized connection towards binance future
2021-11-17 22:36:28,422 INFO :: Binance wss connection opened
2021-11-17 22:36:47,676 INFO :: Initialized connection towards binance future
2021-11-17 22:36:48,903 INFO :: Binance wss connection opened
2021-11-17 22:37:08,463 INFO :: Initialized connection towards binance future
2021-11-17 22:37:09,689 INFO :: Binance wss connection opened
2021-11-17 22:37:21,676 INFO :: Initialized connection towards binance future
2021-11-17 22:37:23,272 INFO :: Binance wss connection opened
2021-11-17 22:37:33,963 INFO :: Initialized connection towards binance future
2021-11-17 22:37:35,583 INFO :: Binance wss connection opened
2021-11-17 22:38:36,938 INFO :: Initialized connection towards binance future
2021-11-17 22:38:38,276 INFO :: Binance wss connection opened
2021-11-17 22:39:28,861 INFO :: Initialized connection towards binance future
2021-11-17 22:39:30,087 INFO :: Binance wss connection opened
2021-11-17 22:40:03,477 INFO :: Initialized connection towards binance future
2021-11-17 22:40:04,905 INFO :: Binance wss connection opened
2021-11-17 22:41:10,273 INFO :: Initialized connection towards binance future
2021-11-17 22:41:11,534 INFO :: Binance wss connection opened
2021-11-17 22:41:53,259 INFO :: Initialized connection towards binance future
2021-11-17 22:41:54,482 INFO :: Binance wss connection opened
2021-11-17 22:42:08,424 INFO :: Initialized connection towards binance future
2021-11-17 22:42:09,651 INFO :: Binance wss connection opened
2021-11-17 22:42:31,861 INFO :: Initialized connection towards binance future
2021-11-17 22:42:33,190 INFO :: Binance wss connection opened
2021-11-17 22:43:18,868 INFO :: Initialized connection towards binance future
2021-11-17 22:43:20,195 INFO :: Binance wss connection opened
2021-11-17 22:44:07,101 INFO :: Initialized connection towards binance future
2021-11-17 22:44:08,327 INFO :: Binance wss connection opened
2021-11-17 22:44:22,873 INFO :: Initialized connection towards binance future
2021-11-17 22:44:24,096 INFO :: Binance wss connection opened
2021-11-17 22:45:49,401 INFO :: Initialized connection towards binance future
2021-11-17 22:45:51,008 INFO :: Binance wss connection opened
2021-11-17 22:46:05,576 INFO :: Initialized connection towards binance future
2021-11-17 22:46:06,755 INFO :: Binance wss connection opened
2021-11-17 22:51:28,318 INFO :: Initialized connection towards binance future
2021-11-17 22:51:29,802 INFO :: Binance wss connection opened
2021-11-17 22:52:24,197 INFO :: Initialized connection towards binance future
2021-11-17 22:52:25,658 INFO :: Binance wss connection opened
2021-11-17 23:16:10,093 INFO :: Initialized connection towards binance future
2021-11-17 23:16:11,423 INFO :: Binance wss connection opened
2021-11-17 23:17:32,426 INFO :: Initialized connection towards binance future
2021-11-17 23:17:33,757 INFO :: Binance wss connection opened
2021-11-17 23:20:30,618 INFO :: Initialized connection towards binance future
2021-11-17 23:20:31,937 INFO :: Binance wss connection opened
2021-11-17 23:21:14,030 INFO :: Initialized connection towards binance future
2021-11-17 23:21:15,524 INFO :: Binance wss connection opened
2021-11-17 23:22:35,955 INFO :: Initialized connection towards binance future
2021-11-17 23:22:37,284 INFO :: Binance wss connection opened
2021-11-17 23:24:32,179 INFO :: Initialized connection towards binance future
2021-11-17 23:24:33,463 INFO :: Binance wss connection opened
2021-11-21 19:07:14,621 INFO :: Initialized connection towards binance future
2021-11-21 19:07:15,947 INFO :: Binance wss connection opened
2021-11-21 19:07:47,490 INFO :: Initialized connection towards binance future
2021-11-21 19:07:48,716 INFO :: Binance wss connection opened
2021-11-21 19:08:14,626 INFO :: Initialized connection towards binance future
2021-11-21 19:08:15,848 INFO :: Binance wss connection opened
2021-11-21 19:08:40,941 INFO :: Initialized connection towards binance future
2021-11-21 19:08:42,269 INFO :: Binance wss connection opened
2021-11-21 19:09:14,019 INFO :: Initialized connection towards binance future
2021-11-21 19:09:15,241 INFO :: Binance wss connection opened
2021-11-21 19:09:58,970 INFO :: Initialized connection towards binance future
2021-11-21 19:10:00,297 INFO :: Binance wss connection opened
2021-11-21 19:10:19,655 INFO :: Initialized connection towards binance future
2021-11-21 19:10:20,833 INFO :: Binance wss connection opened
2021-11-21 19:11:03,170 INFO :: Initialized connection towards binance future
2021-11-21 19:11:04,500 INFO :: Binance wss connection opened
2021-11-21 19:12:17,105 INFO :: Initialized connection towards binance future
2021-11-21 19:12:18,637 INFO :: Binance wss connection opened
2021-11-21 19:12:41,987 INFO :: Initialized connection towards binance future
2021-11-21 19:12:43,215 INFO :: Binance wss connection opened
2021-11-21 19:16:16,924 INFO :: Initialized connection towards binance future
2021-11-21 19:16:18,248 INFO :: Binance wss connection opened
2021-11-21 19:16:33,302 INFO :: Initialized connection towards binance future
2021-11-21 19:16:34,526 INFO :: Binance wss connection opened
2021-11-21 19:16:49,895 INFO :: Initialized connection towards binance future
2021-11-21 19:16:51,117 INFO :: Binance wss connection opened
2021-11-21 19:17:40,787 INFO :: Initialized connection towards binance future
2021-11-21 19:17:42,214 INFO :: Binance wss connection opened
2021-11-21 19:18:08,639 INFO :: Initialized connection towards binance future
2021-11-21 19:18:09,861 INFO :: Binance wss connection opened
2021-11-21 19:18:22,052 INFO :: Initialized connection towards binance future
2021-11-21 19:18:23,276 INFO :: Binance wss connection opened
2021-11-21 19:19:40,490 INFO :: Initialized connection towards binance future
2021-11-21 19:19:41,814 INFO :: Binance wss connection opened
2021-11-21 19:22:45,212 INFO :: Initialized connection towards binance future
2021-11-21 19:22:46,642 INFO :: Binance wss connection opened
2021-11-21 19:24:41,640 INFO :: Initialized connection towards binance future
2021-11-21 19:24:43,174 INFO :: Binance wss connection opened
2021-11-21 19:25:07,651 INFO :: Initialized connection towards binance future
2021-11-21 19:25:08,873 INFO :: Binance wss connection opened
2021-11-21 19:27:38,278 INFO :: Initialized connection towards binance future
2021-11-21 19:27:39,604 INFO :: Binance wss connection opened
2021-11-21 19:28:24,766 INFO :: Initialized connection towards binance future
2021-11-21 19:28:25,989 INFO :: Binance wss connection opened
2021-11-21 19:28:52,620 INFO :: Initialized connection towards binance future
2021-11-21 19:28:53,848 INFO :: Binance wss connection opened
2021-11-21 19:29:20,574 INFO :: Initialized connection towards binance future
2021-11-21 19:29:21,797 INFO :: Binance wss connection opened
2021-11-21 19:29:47,094 INFO :: Initialized connection towards binance future
2021-11-21 19:29:48,318 INFO :: Binance wss connection opened
2021-11-21 19:30:01,020 INFO :: Initialized connection towards binance future
2021-11-21 19:30:02,348 INFO :: Binance wss connection opened
2021-11-21 19:30:14,640 INFO :: Initialized connection towards binance future
2021-11-21 19:30:16,068 INFO :: Binance wss connection opened
2021-11-21 19:30:31,842 INFO :: Initialized connection towards binance future
2021-11-21 19:30:33,068 INFO :: Binance wss connection opened
2021-11-21 19:30:48,737 INFO :: Initialized connection towards binance future
2021-11-21 19:30:49,962 INFO :: Binance wss connection opened
2021-11-21 19:30:59,180 INFO :: Initialized connection towards binance future
2021-11-21 19:31:00,406 INFO :: Binance wss connection opened
2021-11-21 19:31:48,745 INFO :: Initialized connection towards binance future
2021-11-21 19:31:50,070 INFO :: Binance wss connection opened
2021-11-21 19:32:03,182 INFO :: Initialized connection towards binance future
2021-11-21 19:32:04,406 INFO :: Binance wss connection opened
2021-11-21 19:32:29,192 INFO :: Initialized connection towards binance future
2021-11-21 19:32:30,417 INFO :: Binance wss connection opened
2021-11-21 19:43:35,487 INFO :: Initialized connection towards binance future
2021-11-21 19:43:36,861 INFO :: Binance wss connection opened
2021-11-21 19:46:43,269 INFO :: Initialized connection towards binance future
2021-11-21 19:46:44,691 INFO :: Binance wss connection opened
2021-11-21 19:47:00,977 INFO :: Initialized connection towards binance future
2021-11-21 19:47:02,204 INFO :: Binance wss connection opened
2021-11-21 19:49:03,977 INFO :: Initialized connection towards binance future
2021-11-21 19:49:05,254 INFO :: Binance wss connection opened
2021-11-21 19:49:30,092 INFO :: Initialized connection towards binance future
2021-11-21 19:49:31,315 INFO :: Binance wss connection opened
2021-11-21 19:49:48,730 INFO :: Initialized connection towards binance future
2021-11-21 19:49:49,954 INFO :: Binance wss connection opened
2021-11-21 19:50:15,353 INFO :: Initialized connection towards binance future
2021-11-21 19:50:16,610 INFO :: Binance wss connection opened
2021-11-21 19:50:35,428 INFO :: Initialized connection towards binance future
2021-11-21 19:50:36,510 INFO :: Binance wss connection opened
2021-11-21 19:58:23,945 INFO :: Initialized connection towards binance future
2021-11-21 19:58:25,266 INFO :: Binance wss connection opened
2021-11-21 20:18:30,034 INFO :: Initialized connection towards binance future
2021-11-21 20:18:31,314 INFO :: Binance wss connection opened
2021-11-21 20:18:33,426 INFO :: BTCUSDT 59341.19 / 59341.2
2021-11-21 20:18:33,470 INFO :: BTCUSDT 59341.19 / 59341.2
2021-11-21 20:18:33,480 INFO :: BTCUSDT 59341.19 / 59342.39
2021-11-21 20:18:57,787 INFO :: Initialized connection towards binance future
2021-11-21 20:18:59,214 INFO :: Binance wss connection opened
2021-11-21 20:18:59,620 INFO :: BTCUSDT 59329.57 / 59329.58
2021-11-21 20:18:59,628 INFO :: BTCUSDT 59329.57 / 59329.58
2021-11-21 20:18:59,640 INFO :: BTCUSDT 59328.44 / 59329.58
2021-11-21 20:19:01,194 INFO :: BTCUSDT 59329.57 / 59329.58
2021-11-21 20:19:01,213 INFO :: BTCUSDT 59329.57 / 59330.77
2021-11-21 20:19:03,309 INFO :: BTCUSDT 59329.57 / 59329.58
2021-11-21 20:19:03,310 INFO :: BTCUSDT 59328.44 / 59329.58
2021-11-21 20:19:05,300 INFO :: BTCUSDT 59329.57 / 59329.58
2021-11-21 20:19:05,332 INFO :: BTCUSDT 59329.57 / 59330.77
2021-11-21 20:19:07,403 INFO :: BTCUSDT 59330.05 / 59330.77
2021-11-21 20:19:07,404 INFO :: BTCUSDT 59330.05 / 59330.06
2021-11-21 20:19:09,555 INFO :: BTCUSDT 59328.86 / 59330.06
2021-11-21 20:19:09,555 INFO :: BTCUSDT 59328.86 / 59330.77
2021-11-21 20:19:11,603 INFO :: BTCUSDT 59330.05 / 59330.77
2021-11-21 20:19:11,604 INFO :: BTCUSDT 59330.05 / 59330.06
2021-11-27 12:17:19,074 INFO :: Initialized connection towards binance future
2021-11-27 12:17:20,573 INFO :: Binance wss connection opened
2021-11-27 12:17:21,028 INFO :: BTCUSDT 54887.78 / 54887.98
2021-11-27 12:17:21,123 INFO :: BTCUSDT 54887.78 / 54888.89
2021-11-27 12:17:22,724 INFO :: BTCUSDT 54888.88 / 54888.89
2021-11-27 12:17:22,761 INFO :: BTCUSDT 54888.88 / 54889.08
2021-11-27 12:17:24,963 INFO :: BTCUSDT 54888.88 / 54889.08
2021-11-27 12:17:24,964 INFO :: BTCUSDT 54888.88 / 54889.08
2021-11-27 12:17:24,964 INFO :: BTCUSDT 54884.48 / 54889.08
2021-11-27 12:17:24,964 INFO :: BTCUSDT 54884.48 / 54889.08
2021-11-27 12:17:24,989 INFO :: BTCUSDT 54882.28 / 54882.56
2021-11-27 12:17:25,055 INFO :: BTCUSDT 54881.18 / 54882.56
2021-11-27 12:17:25,055 INFO :: BTCUSDT 54880.08 / 54882.56
2021-11-27 12:17:25,056 INFO :: BTCUSDT 54879.67 / 54882.56
2021-11-27 12:17:25,087 INFO :: BTCUSDT 54878.57 / 54882.56
2021-11-27 12:17:25,088 INFO :: BTCUSDT 54877.47 / 54882.56
2021-11-27 12:17:25,289 INFO :: BTCUSDT 54876.37 / 54882.56
2021-11-27 12:17:25,289 INFO :: BTCUSDT 54875.27 / 54882.56
2021-11-27 12:17:25,289 INFO :: BTCUSDT 54874.85 / 54882.56
2021-11-27 12:17:26,831 INFO :: BTCUSDT 54880.54 / 54882.56
2021-11-27 12:17:28,677 INFO :: BTCUSDT 54874.85 / 54874.86
2021-11-27 12:17:28,678 INFO :: BTCUSDT 54874.43 / 54874.86
2021-11-27 12:17:29,596 INFO :: BTCUSDT 54874.43 / 54874.86
2021-11-27 12:17:30,796 INFO :: BTCUSDT 54874.43 / 54874.86
2021-11-27 12:17:30,797 INFO :: BTCUSDT 54874.43 / 54875.96
2021-11-27 12:17:30,797 INFO :: BTCUSDT 54874.43 / 54875.96
2021-11-27 12:17:30,797 INFO :: BTCUSDT 54874.43 / 54875.96
2021-11-27 12:17:30,798 INFO :: BTCUSDT 54876.13 / 54877.06
2021-11-27 12:17:31,001 INFO :: BTCUSDT 54876.13 / 54879.26
2021-11-27 12:17:31,001 INFO :: BTCUSDT 54876.13 / 54880.36
2021-11-27 12:17:31,001 INFO :: BTCUSDT 54876.13 / 54881.46
2021-11-27 12:30:08,055 INFO :: Initialized connection towards binance future
2021-11-27 12:30:09,501 INFO :: Binance wss connection opened
2021-11-27 12:30:10,525 INFO :: BTCUSDT 54837.47 / 54838.96
2021-11-27 12:30:10,526 INFO :: BTCUSDT 54837.47 / 54838.96
2021-11-27 12:30:10,527 INFO :: BTCUSDT 54837.47 / 54838.96
2021-11-27 12:30:10,527 INFO :: BTCUSDT 54839.12 / 54840.06
2021-11-27 12:30:10,595 INFO :: BTCUSDT 54839.12 / 54840.06
2021-11-27 12:30:10,658 INFO :: BTCUSDT 54839.12 / 54841.16
2021-11-27 12:30:10,669 INFO :: BTCUSDT 54839.12 / 54842.26
2021-11-27 12:30:10,682 INFO :: BTCUSDT 54839.12 / 54842.43
2021-11-27 12:34:52,265 INFO :: Initialized connection towards binance future
2021-11-27 12:35:35,244 INFO :: Initialized connection towards binance future
2021-11-27 12:35:36,671 INFO :: Binance wss connection opened
2021-11-27 12:35:36,979 INFO :: BTCUSDT 54696.28 / 54697.38
2021-11-27 12:35:38,515 INFO :: BTCUSDT 54697.37 / 54697.38
2021-11-27 12:35:38,606 INFO :: BTCUSDT 54697.37 / 54697.38
2021-11-27 12:35:38,628 INFO :: BTCUSDT 54697.37 / 54698.02
2021-11-27 12:35:40,768 INFO :: BTCUSDT 54697.37 / 54698.02
2021-11-27 12:35:40,769 INFO :: BTCUSDT 54697.37 / 54698.02
2021-11-27 12:35:40,769 INFO :: BTCUSDT 54697.37 / 54698.02
2021-11-27 12:35:40,770 INFO :: BTCUSDT 54697.37 / 54697.63
2021-11-27 12:35:40,770 INFO :: BTCUSDT 54696.28 / 54697.63
2021-11-27 12:35:40,771 INFO :: BTCUSDT 54695.19 / 54697.63
2021-11-27 12:35:40,771 INFO :: BTCUSDT 54694.35 / 54697.63
2021-11-27 12:35:42,918 INFO :: BTCUSDT 54697.36 / 54697.63
2021-11-27 12:35:44,452 INFO :: BTCUSDT 54697.36 / 54697.37
2021-11-27 12:35:44,482 INFO :: BTCUSDT 54697.36 / 54697.37
2021-11-27 12:35:44,492 INFO :: BTCUSDT 54697.36 / 54697.37
2021-11-27 12:35:44,503 INFO :: BTCUSDT 54696.27 / 54697.37
2021-11-27 12:35:44,515 INFO :: BTCUSDT 54695.49 / 54697.37
2021-11-27 12:36:06,142 INFO :: Initialized connection towards binance future
2021-11-27 12:36:07,597 INFO :: Binance wss connection opened
2021-11-27 12:36:09,030 INFO :: BTCUSDT 54702.23 / 54709.87
2021-11-27 12:36:09,031 INFO :: BTCUSDT 54692.74 / 54693.84
2021-11-27 12:36:09,038 INFO :: BTCUSDT 54691.65 / 54693.84
2021-11-27 12:36:10,673 INFO :: BTCUSDT 54691.65 / 54696.02
2021-11-27 12:36:10,673 INFO :: BTCUSDT 54691.65 / 54698.2
2021-11-27 12:36:10,673 INFO :: BTCUSDT 54707.68 / 54709.87
2021-11-27 12:36:10,975 INFO :: BTCUSDT 54707.68 / 54710.01
2021-11-27 12:36:42,725 INFO :: Initialized connection towards binance future
2021-11-27 12:36:44,154 INFO :: Binance wss connection opened
2021-11-27 12:36:44,665 INFO :: BTCUSDT 54704.52 / 54704.53
2021-11-27 12:36:44,666 INFO :: BTCUSDT 54703.43 / 54703.48
2021-11-27 12:36:44,666 INFO :: BTCUSDT 54703.43 / 54703.48
2021-11-27 12:36:44,668 INFO :: BTCUSDT 54702.38 / 54703.48
2021-11-27 12:36:46,919 INFO :: BTCUSDT 54697.98 / 54703.48
2021-11-27 12:36:46,919 INFO :: BTCUSDT 54697.98 / 54703.48
2021-11-27 12:36:46,920 INFO :: BTCUSDT 54696.89 / 54703.48
2021-11-27 12:36:46,941 INFO :: BTCUSDT 54696.89 / 54703.48
2021-11-27 12:36:47,024 INFO :: BTCUSDT 54695.8 / 54703.48
2021-11-27 12:36:47,035 INFO :: BTCUSDT 54694.71 / 54703.48
2021-11-27 12:36:47,046 INFO :: BTCUSDT 54694.37 / 54703.48
2021-11-27 12:36:47,060 INFO :: BTCUSDT 54693.51 / 54703.48
2021-11-27 12:36:47,079 INFO :: BTCUSDT 54692.42 / 54703.48
2021-11-27 12:36:47,093 INFO :: BTCUSDT 54691.65 / 54703.48
2021-11-27 12:36:47,185 INFO :: BTCUSDT 54690.56 / 54703.48
2021-11-27 12:36:47,186 INFO :: BTCUSDT 54689.47 / 54703.48
2021-11-27 12:36:48,761 INFO :: BTCUSDT 54702.38 / 54703.48
2021-11-27 12:36:48,823 INFO :: BTCUSDT 54702.38 / 54702.39
2021-11-27 12:38:41,307 INFO :: Initialized connection towards binance future
2021-11-27 12:38:42,853 INFO :: Binance wss connection opened
2021-11-27 12:38:43,200 INFO :: BTCUSDT 54693.84 / 54695.44
2021-11-27 12:38:43,212 INFO :: BTCUSDT 54693.84 / 54695.69
2021-11-27 12:38:43,225 INFO :: BTCUSDT 54693.84 / 54696.78
2021-11-27 12:38:43,235 INFO :: BTCUSDT 54693.84 / 54697.12
2021-11-27 12:38:44,783 INFO :: BTCUSDT 54697.11 / 54697.12
2021-11-27 12:38:44,987 INFO :: BTCUSDT 54697.11 / 54697.87
2021-11-27 12:39:25,850 INFO :: Initialized connection towards binance future
2021-11-27 12:40:05,277 INFO :: Initialized connection towards binance future
2021-11-27 12:40:06,704 INFO :: Binance wss connection opened
2021-11-27 12:40:07,098 INFO :: BTCUSDT 54689.22 / 54690.38
2021-11-27 12:40:07,119 INFO :: BTCUSDT 54686.92 / 54690.38
2021-11-27 12:40:07,135 INFO :: BTCUSDT 54685.83 / 54690.38
2021-11-27 12:40:07,150 INFO :: BTCUSDT 54685.83 / 54690.38
2021-11-27 12:40:07,165 INFO :: BTCUSDT 54684.74 / 54684.95
2021-11-27 12:40:07,280 INFO :: BTCUSDT 54683.65 / 54684.95
2021-11-27 12:40:07,292 INFO :: BTCUSDT 54682.56 / 54684.95
2021-11-27 12:40:07,303 INFO :: BTCUSDT 54681.47 / 54684.95
2021-11-27 12:40:07,315 INFO :: BTCUSDT 54680.58 / 54684.95
2021-11-27 12:40:08,547 INFO :: BTCUSDT 54680.58 / 54682.77
2021-11-27 12:40:08,581 INFO :: BTCUSDT 54680.38 / 54682.77
2021-11-27 12:40:39,377 INFO :: Initialized connection towards binance future
2021-11-27 12:41:08,460 INFO :: Initialized connection towards binance future
2021-11-27 12:41:09,991 INFO :: Binance wss connection opened
2021-11-27 12:41:10,705 INFO :: BTCUSDT 54640.0 / 54640.01
2021-11-27 12:41:10,756 INFO :: BTCUSDT 54640.0 / 54640.55
2021-11-27 12:41:12,959 INFO :: BTCUSDT 54638.91 / 54640.55
2021-11-27 12:41:12,959 INFO :: BTCUSDT 54638.91 / 54640.55
2021-11-27 12:41:12,960 INFO :: BTCUSDT 54636.73 / 54640.55
2021-11-27 12:41:12,960 INFO :: BTCUSDT 54636.73 / 54638.63
2021-11-27 12:41:13,008 INFO :: BTCUSDT 54635.64 / 54638.63
2021-11-27 12:41:13,022 INFO :: BTCUSDT 54633.46 / 54638.63
2021-11-27 12:41:13,033 INFO :: BTCUSDT 54633.17 / 54638.63
2021-11-27 12:41:13,266 INFO :: BTCUSDT 54633.17 / 54638.63
2021-11-27 12:41:13,881 INFO :: BTCUSDT 54633.17 / 54638.63
2021-11-27 12:41:14,806 INFO :: BTCUSDT 54633.17 / 54633.18
2021-11-27 12:41:14,807 INFO :: BTCUSDT 54632.08 / 54633.18
2021-11-27 12:46:18,843 INFO :: Initialized connection towards binance future
2021-11-27 12:46:20,271 INFO :: Binance wss connection opened
2021-11-27 12:46:20,987 INFO :: BTCUSDT 54606.78 / 54614.42
2021-11-27 12:46:20,988 INFO :: BTCUSDT 54617.55 / 54642.0
2021-11-27 12:46:20,988 INFO :: BTCUSDT 54617.55 / 54618.65
2021-11-27 12:46:21,192 INFO :: BTCUSDT 54617.55 / 54618.65
2021-11-27 12:46:22,831 INFO :: BTCUSDT 54617.55 / 54618.65
2021-11-27 12:46:22,832 INFO :: BTCUSDT 54617.55 / 54618.65
2021-11-27 12:46:22,833 INFO :: BTCUSDT 54617.55 / 54619.74
2021-11-27 12:46:22,834 INFO :: BTCUSDT 54616.46 / 54619.74
2021-11-27 12:46:22,835 INFO :: BTCUSDT 54616.46 / 54617.5
2021-11-27 12:46:22,870 INFO :: BTCUSDT 54615.37 / 54617.5
2021-11-27 12:46:22,882 INFO :: BTCUSDT 54614.28 / 54617.5
2021-11-27 12:46:22,889 INFO :: BTCUSDT 54613.19 / 54617.5
2021-11-27 12:46:22,901 INFO :: BTCUSDT 54613.13 / 54617.5
2021-11-27 12:46:24,630 INFO :: BTCUSDT 54613.13 / 54613.14
2021-11-27 12:46:24,676 INFO :: BTCUSDT 54612.1 / 54613.14
2021-11-27 12:46:26,824 INFO :: BTCUSDT 54613.13 / 54613.14
2021-11-27 12:46:26,851 INFO :: BTCUSDT 54613.13 / 54614.23
2021-11-27 12:46:28,463 INFO :: BTCUSDT 54613.13 / 54613.14
2021-11-27 12:46:28,481 INFO :: BTCUSDT 54612.1 / 54613.14
2021-11-27 13:01:37,263 INFO :: Initialized connection towards binance future
2021-11-27 13:01:38,791 INFO :: Binance wss connection opened
2021-11-27 13:01:39,101 INFO :: BTCUSDT 54607.45 / 54609.03
2021-11-27 13:03:42,291 INFO :: Initialized connection towards binance future
2021-11-27 13:03:43,720 INFO :: Binance wss connection opened
2021-11-27 13:03:45,359 INFO :: BTCUSDT 54589.89 / 54589.9
2021-11-27 13:03:45,360 INFO :: BTCUSDT 54589.89 / 54590.13
2021-11-27 13:03:47,405 INFO :: BTCUSDT 54589.89 / 54589.9
2021-11-27 13:03:47,406 INFO :: BTCUSDT 54588.8 / 54589.9
2021-11-27 13:03:49,467 INFO :: BTCUSDT 54589.86 / 54589.9
2021-11-27 13:03:49,467 INFO :: BTCUSDT 54589.86 / 54589.87
2021-11-27 13:03:51,091 INFO :: BTCUSDT 54589.86 / 54589.9
2021-11-27 13:03:51,092 INFO :: BTCUSDT 54588.8 / 54589.9
2021-11-27 13:03:53,139 INFO :: BTCUSDT 54589.87 / 54589.9
2021-11-27 13:03:53,140 INFO :: BTCUSDT 54589.87 / 54589.88
2021-11-27 13:03:53,140 INFO :: BTCUSDT 54589.87 / 54589.88
2021-11-27 13:06:50,199 INFO :: Initialized connection towards binance future
2021-11-27 13:06:51,729 INFO :: Binance wss connection opened
2021-11-27 13:06:52,342 INFO :: BTCUSDT 54651.81 / 54659.45
2021-11-29 21:52:16,966 INFO :: Initialized connection towards binance future
2021-11-29 21:52:18,489 INFO :: Binance wss connection opened
2021-11-29 21:52:20,331 INFO :: BTCUSDT 58048.9 / 58048.91
2021-11-29 21:52:20,332 INFO :: BTCUSDT 58048.9 / 58048.91
2021-11-29 21:52:20,332 INFO :: BTCUSDT 58048.33 / 58048.91
2021-11-29 21:52:22,379 INFO :: BTCUSDT 58048.9 / 58048.91
2021-11-29 21:52:22,379 INFO :: BTCUSDT 58048.9 / 58048.91
2021-11-29 21:52:22,380 INFO :: BTCUSDT 58048.9 / 58050.07
2021-11-29 21:52:23,915 INFO :: BTCUSDT 58048.9 / 58048.91
2021-11-29 21:52:23,916 INFO :: BTCUSDT 58048.33 / 58048.91
2021-11-29 21:52:25,963 INFO :: BTCUSDT 58048.9 / 58048.91
2021-11-29 21:52:25,963 INFO :: BTCUSDT 58048.9 / 58048.91
2021-11-29 21:52:25,968 INFO :: BTCUSDT 58048.9 / 58050.07
2021-11-29 21:52:28,113 INFO :: BTCUSDT 58048.9 / 58048.91
2021-11-29 21:52:28,113 INFO :: BTCUSDT 58048.33 / 58048.91
2021-11-29 21:55:27,220 INFO :: Initialized connection towards binance future
2021-11-29 21:55:28,853 INFO :: Binance wss connection opened
2021-11-29 21:55:29,978 INFO :: BTCUSDT 58111.19 / 58112.36
2021-11-29 21:55:29,979 INFO :: BTCUSDT 58111.19 / 58115.84
2021-11-29 21:55:29,979 INFO :: BTCUSDT 58111.19 / 58115.84
2021-11-29 21:55:29,980 INFO :: BTCUSDT 58111.19 / 58115.84
2021-11-29 21:55:29,980 INFO :: BTCUSDT 58115.62 / 58115.84
2021-11-29 21:55:30,284 INFO :: BTCUSDT 58115.62 / 58117.01
2021-11-29 21:55:30,284 INFO :: BTCUSDT 58115.62 / 58118.17
2021-11-29 21:55:30,285 INFO :: BTCUSDT 58115.62 / 58119.33
2021-11-29 21:55:30,285 INFO :: BTCUSDT 58115.62 / 58120.49
2021-11-29 22:07:52,899 INFO :: Initialized connection towards binance future
2021-11-29 22:07:54,329 INFO :: Binance wss connection opened
2021-11-29 22:07:55,762 INFO :: BTCUSDT 58153.55 / 58155.88
2021-11-29 22:07:55,966 INFO :: BTCUSDT 58153.55 / 58153.56
2021-11-29 22:07:55,967 INFO :: BTCUSDT 58152.48 / 58153.56
2021-11-29 22:07:56,013 INFO :: BTCUSDT 58152.48 / 58153.56
2021-11-29 22:07:58,117 INFO :: BTCUSDT 58152.48 / 58158.68
2021-11-29 22:07:58,118 INFO :: BTCUSDT 58152.48 / 58159.84
2021-11-29 22:07:58,118 INFO :: BTCUSDT 58152.48 / 58159.84
2021-11-29 22:07:58,119 INFO :: BTCUSDT 58164.84 / 58165.25
2021-11-29 22:07:58,526 INFO :: BTCUSDT 58164.84 / 58166.41
2021-11-29 22:07:58,526 INFO :: BTCUSDT 58164.84 / 58167.57
2021-11-29 22:07:58,527 INFO :: BTCUSDT 58164.84 / 58168.73
2021-11-29 22:08:00,063 INFO :: BTCUSDT 58168.32 / 58168.73
2021-11-29 22:08:02,314 INFO :: BTCUSDT 58168.32 / 58168.33
2021-11-29 22:08:02,314 INFO :: BTCUSDT 58167.16 / 58168.33
2021-11-29 22:08:03,851 INFO :: BTCUSDT 58167.16 / 58168.73
2021-11-29 22:08:03,871 INFO :: BTCUSDT 58167.16 / 58172.21
2021-11-29 22:08:03,872 INFO :: BTCUSDT 58174.13 / 58174.53
2021-11-29 22:08:04,260 INFO :: BTCUSDT 58174.13 / 58175.69
2021-11-29 22:08:04,261 INFO :: BTCUSDT 58174.13 / 58176.46
2021-11-29 22:08:06,308 INFO :: BTCUSDT 58176.45 / 58176.46
2021-11-29 22:08:06,309 INFO :: BTCUSDT 58176.45 / 58176.46
2021-11-29 22:08:06,313 INFO :: BTCUSDT 58176.45 / 58176.85
2021-11-29 22:08:07,025 INFO :: BTCUSDT 58176.45 / 58176.85
2021-11-29 22:08:07,946 INFO :: BTCUSDT 58176.45 / 58178.01
2021-11-29 22:08:07,947 INFO :: BTCUSDT 58176.45 / 58178.01
2021-11-29 22:08:07,948 INFO :: BTCUSDT 58177.09 / 58178.01
2021-11-29 22:08:07,949 INFO :: BTCUSDT 58177.09 / 58178.01
2021-11-29 22:08:29,486 INFO :: Initialized connection towards binance future
2021-11-29 22:08:31,091 INFO :: Binance wss connection opened
2021-11-29 22:08:32,216 INFO :: BTCUSDT 58189.76 / 58194.25
2021-11-29 22:08:32,217 INFO :: BTCUSDT 58189.76 / 58196.57
2021-11-29 22:08:32,217 INFO :: BTCUSDT 58189.76 / 58196.57
2021-11-29 22:08:32,218 INFO :: BTCUSDT 58189.76 / 58196.57
2021-11-29 22:08:32,219 INFO :: BTCUSDT 58189.76 / 58201.21
2021-11-29 22:08:32,219 INFO :: BTCUSDT 58189.76 / 58204.69
2021-11-29 22:08:32,220 INFO :: BTCUSDT 58189.76 / 58204.69
2021-11-29 22:08:32,220 INFO :: BTCUSDT 58189.76 / 58204.69
2021-11-29 22:08:32,326 INFO :: BTCUSDT 58189.76 / 58204.69
2021-11-29 22:08:32,626 INFO :: BTCUSDT 58189.76 / 58205.85
2021-11-29 22:08:32,627 INFO :: BTCUSDT 58189.76 / 58207.01
2021-11-29 22:08:32,628 INFO :: BTCUSDT 58189.76 / 58208.17
2021-11-29 22:08:32,629 INFO :: BTCUSDT 58189.76 / 58209.33
2021-11-29 22:08:32,629 INFO :: BTCUSDT 58189.76 / 58210.49
2021-11-29 22:08:32,630 INFO :: BTCUSDT 58189.76 / 58211.65
2021-11-29 22:08:32,641 INFO :: BTCUSDT 58189.76 / 58217.53
2021-11-29 22:08:34,170 INFO :: BTCUSDT 58189.76 / 58217.53
2021-11-29 22:08:34,181 INFO :: BTCUSDT 58189.76 / 58217.53
2021-11-29 22:08:34,194 INFO :: BTCUSDT 58189.76 / 58217.53
2021-11-29 22:08:34,207 INFO :: BTCUSDT 58189.76 / 58217.53
2021-11-29 22:08:34,218 INFO :: BTCUSDT 58189.76 / 58217.53
2021-11-29 22:08:34,229 INFO :: BTCUSDT 58217.96 / 58218.69
2021-11-29 22:08:34,469 INFO :: BTCUSDT 58217.96 / 58219.85
2021-11-29 22:08:34,470 INFO :: BTCUSDT 58217.96 / 58222.17
2021-11-29 22:08:34,471 INFO :: BTCUSDT 58217.96 / 58223.33
2021-11-29 22:08:34,471 INFO :: BTCUSDT 58217.96 / 58223.77
2021-11-29 22:08:36,005 INFO :: BTCUSDT 58223.76 / 58223.77
2021-11-29 22:08:36,361 INFO :: BTCUSDT 58223.76 / 58224.49
2021-11-29 22:08:38,053 INFO :: BTCUSDT 58221.44 / 58224.49
2021-11-29 22:08:38,054 INFO :: BTCUSDT 58219.12 / 58219.85
2021-11-29 22:08:38,110 INFO :: BTCUSDT 58217.96 / 58219.85
2021-11-29 22:08:38,119 INFO :: BTCUSDT 58217.52 / 58219.85
2021-11-29 22:08:40,204 INFO :: BTCUSDT 58217.52 / 58219.85
2021-11-29 22:08:40,205 INFO :: BTCUSDT 58217.52 / 58222.17
2021-11-29 22:08:40,205 INFO :: BTCUSDT 58217.52 / 58222.17
2021-11-29 22:08:40,211 INFO :: BTCUSDT 58217.52 / 58222.17
2021-11-29 22:08:40,223 INFO :: BTCUSDT 58217.52 / 58223.33
2021-11-29 22:08:40,235 INFO :: BTCUSDT 58217.52 / 58223.33
2021-11-29 22:08:40,251 INFO :: BTCUSDT 58217.52 / 58223.33
2021-11-29 22:08:40,268 INFO :: BTCUSDT 58217.52 / 58225.65
2021-11-29 22:08:40,613 INFO :: BTCUSDT 58217.52 / 58226.81
2021-11-29 22:08:40,614 INFO :: BTCUSDT 58217.52 / 58229.13
2021-11-29 22:08:40,617 INFO :: BTCUSDT 58217.52 / 58230.29
2021-11-29 22:08:40,618 INFO :: BTCUSDT 58217.52 / 58231.45
2021-11-29 22:08:40,618 INFO :: BTCUSDT 58217.52 / 58232.61
2021-11-29 22:08:40,619 INFO :: BTCUSDT 58217.52 / 58233.77
2021-11-29 22:08:40,620 INFO :: BTCUSDT 58217.52 / 58234.93
2021-11-29 22:08:40,620 INFO :: BTCUSDT 58217.52 / 58236.09
2021-11-29 22:08:40,621 INFO :: BTCUSDT 58217.52 / 58237.25
2021-11-29 22:08:40,621 INFO :: BTCUSDT 58217.52 / 58238.41
2021-11-29 22:08:40,622 INFO :: BTCUSDT 58217.52 / 58239.57
2021-11-29 22:08:40,622 INFO :: BTCUSDT 58217.52 / 58244.05
2021-11-29 22:08:42,139 INFO :: BTCUSDT 58236.56 / 58244.05
2021-11-29 22:08:42,233 INFO :: BTCUSDT 58236.56 / 58236.57
2021-11-29 22:08:43,891 INFO :: BTCUSDT 58236.56 / 58241.21
2021-11-29 22:08:43,891 INFO :: BTCUSDT 58236.56 / 58241.21
2021-11-29 22:08:43,892 INFO :: BTCUSDT 58240.56 / 58241.21
2021-11-29 22:08:44,152 INFO :: BTCUSDT 58240.56 / 58242.89
2021-11-29 22:08:46,347 INFO :: BTCUSDT 58240.56 / 58242.89
2021-11-29 22:08:46,348 INFO :: BTCUSDT 58240.56 / 58242.89
2021-11-29 22:08:46,349 INFO :: BTCUSDT 58240.56 / 58242.89
2021-11-29 22:08:46,349 INFO :: BTCUSDT 58237.08 / 58242.89
2021-11-29 22:08:46,350 INFO :: BTCUSDT 58237.08 / 58238.08
2021-11-29 22:08:46,400 INFO :: BTCUSDT 58236.56 / 58238.08
2021-11-29 22:08:46,411 INFO :: BTCUSDT 58234.24 / 58238.08
2021-11-29 22:08:46,420 INFO :: BTCUSDT 58233.08 / 58238.08
2021-11-29 22:08:46,459 INFO :: BTCUSDT 58231.92 / 58238.08
2021-11-29 22:08:46,472 INFO :: BTCUSDT 58230.76 / 58238.08
2021-11-29 22:08:46,478 INFO :: BTCUSDT 58229.6 / 58238.08
2021-11-29 22:08:46,481 INFO :: BTCUSDT 58227.28 / 58238.08
2021-11-29 22:08:48,088 INFO :: BTCUSDT 58231.34 / 58238.08
2021-11-29 22:08:48,119 INFO :: BTCUSDT 58231.34 / 58231.35
2021-11-29 22:08:50,341 INFO :: BTCUSDT 58230.58 / 58230.59
2021-11-29 22:08:51,672 INFO :: BTCUSDT 58230.58 / 58230.59
2021-11-29 22:08:51,979 INFO :: BTCUSDT 58230.18 / 58230.59
2021-11-29 22:08:51,980 INFO :: BTCUSDT 58230.18 / 58231.35
2021-11-29 22:08:54,027 INFO :: BTCUSDT 58230.58 / 58231.35
2021-11-29 22:08:54,028 INFO :: BTCUSDT 58230.58 / 58231.35
2021-11-29 22:08:56,075 INFO :: BTCUSDT 58230.58 / 58232.51
2021-11-29 22:08:56,075 INFO :: BTCUSDT 58230.58 / 58232.51
2021-11-29 22:08:56,076 INFO :: BTCUSDT 58234.44 / 58234.83
2021-11-29 22:08:56,279 INFO :: BTCUSDT 58234.44 / 58235.99
2021-11-29 22:08:56,279 INFO :: BTCUSDT 58234.44 / 58236.77
2021-11-29 22:08:58,329 INFO :: BTCUSDT 58236.76 / 58236.77
2021-11-29 22:08:58,345 INFO :: BTCUSDT 58236.76 / 58237.15
2021-11-29 22:08:59,884 INFO :: BTCUSDT 58236.76 / 58236.77
2021-11-29 22:08:59,898 INFO :: BTCUSDT 58235.6 / 58236.77
2021-11-29 22:09:02,013 INFO :: BTCUSDT 58236.76 / 58236.77
2021-11-29 22:09:02,014 INFO :: BTCUSDT 58236.76 / 58237.15
2021-11-29 22:09:04,165 INFO :: BTCUSDT 58234.44 / 58234.55
2021-11-29 22:09:04,186 INFO :: BTCUSDT 58233.38 / 58234.55
2021-11-29 22:09:06,286 INFO :: BTCUSDT 58233.28 / 58234.55
2021-11-29 22:09:06,299 INFO :: BTCUSDT 58229.02 / 58234.55
2021-11-29 22:09:06,307 INFO :: BTCUSDT 58227.86 / 58234.55
2021-11-29 22:09:06,334 INFO :: BTCUSDT 58224.96 / 58224.98
2021-11-29 22:09:06,519 INFO :: BTCUSDT 58223.8 / 58224.98
2021-11-29 22:09:06,519 INFO :: BTCUSDT 58222.64 / 58224.98
2021-11-29 22:09:06,520 INFO :: BTCUSDT 58221.48 / 58224.98
2021-11-29 22:09:06,520 INFO :: BTCUSDT 58221.02 / 58224.98
2021-11-29 22:09:07,748 INFO :: BTCUSDT 58218.0 / 58224.98
2021-11-29 22:09:08,261 INFO :: BTCUSDT 58221.72 / 58224.98
2021-11-29 22:09:08,261 INFO :: BTCUSDT 58221.72 / 58221.73
2021-11-29 22:09:10,001 INFO :: BTCUSDT 58221.72 / 58221.73
2021-11-29 22:09:10,002 INFO :: BTCUSDT 58219.17 / 58220.34
2021-11-29 22:09:12,151 INFO :: BTCUSDT 58219.21 / 58220.34
2021-11-29 22:09:14,302 INFO :: BTCUSDT 58219.21 / 58219.22
2021-11-29 22:09:14,302 INFO :: BTCUSDT 58219.17 / 58219.22
2021-11-29 22:09:16,453 INFO :: BTCUSDT 58218.0 / 58219.22
2021-11-29 22:09:16,474 INFO :: BTCUSDT 58218.0 / 58219.22
2021-11-29 22:09:16,474 INFO :: BTCUSDT 58217.52 / 58219.22
2021-11-29 22:09:16,475 INFO :: BTCUSDT 58216.36 / 58219.22
2021-11-29 22:09:16,475 INFO :: BTCUSDT 58216.36 / 58219.22
2021-11-29 22:09:16,476 INFO :: BTCUSDT 58214.04 / 58219.22
2021-11-29 22:09:16,476 INFO :: BTCUSDT 58214.04 / 58219.22
2021-11-29 22:09:16,477 INFO :: BTCUSDT 58214.04 / 58219.22
2021-11-29 22:09:16,477 INFO :: BTCUSDT 58214.04 / 58220.34
2021-11-29 22:09:16,521 INFO :: BTCUSDT 58212.88 / 58220.34
2021-11-29 22:09:16,532 INFO :: BTCUSDT 58211.72 / 58220.34
2021-11-29 22:09:16,544 INFO :: BTCUSDT 58210.56 / 58220.34
2021-11-29 22:09:16,556 INFO :: BTCUSDT 58209.4 / 58220.34
2021-11-29 22:09:16,571 INFO :: BTCUSDT 58208.24 / 58220.34
2021-11-29 22:09:16,579 INFO :: BTCUSDT 58207.08 / 58220.34
2021-11-29 22:09:16,592 INFO :: BTCUSDT 58205.92 / 58220.34
2021-11-29 22:09:16,605 INFO :: BTCUSDT 58204.76 / 58220.34
2021-11-29 22:09:16,616 INFO :: BTCUSDT 58203.6 / 58220.34
2021-11-29 22:09:16,628 INFO :: BTCUSDT 58202.44 / 58220.34
2021-11-29 22:09:16,642 INFO :: BTCUSDT 58201.28 / 58220.34
2021-11-29 22:09:16,656 INFO :: BTCUSDT 58201.13 / 58220.34
2021-11-29 22:09:18,502 INFO :: BTCUSDT 58201.13 / 58202.3
2021-11-29 22:09:18,503 INFO :: BTCUSDT 58200.12 / 58202.3
2021-11-29 22:09:20,036 INFO :: BTCUSDT 58201.13 / 58202.3
2021-11-29 22:09:20,058 INFO :: BTCUSDT 58201.13 / 58201.14
2021-11-29 22:09:22,392 INFO :: BTCUSDT 58200.12 / 58201.14
2021-11-29 22:09:22,393 INFO :: BTCUSDT 58200.12 / 58202.3
2021-11-29 22:09:23,928 INFO :: BTCUSDT 58201.13 / 58202.3
2021-11-29 22:09:26,078 INFO :: BTCUSDT 58201.13 / 58201.14
2021-11-29 22:09:26,078 INFO :: BTCUSDT 58200.12 / 58201.14
2021-11-29 22:09:27,102 INFO :: BTCUSDT 58200.12 / 58201.14
2021-11-30 22:09:42,503 INFO :: Initialized connection towards binance future
2021-11-30 22:09:44,133 INFO :: Binance wss connection opened
2021-11-30 22:09:44,440 INFO :: BTCUSDT 57521.52 / 57522.68
2021-11-30 22:09:44,440 INFO :: BTCUSDT 57521.52 / 57523.83
2021-11-30 22:09:46,488 INFO :: BTCUSDT 57522.67 / 57523.83
2021-11-30 22:09:48,126 INFO :: BTCUSDT 57522.67 / 57522.68
2021-11-30 22:09:48,127 INFO :: BTCUSDT 57521.52 / 57522.68
2021-11-30 22:09:50,173 INFO :: BTCUSDT 57522.67 / 57522.68
2021-11-30 22:09:50,174 INFO :: BTCUSDT 57522.67 / 57523.83
2021-11-30 22:09:52,221 INFO :: BTCUSDT 57522.67 / 57522.68
2021-11-30 22:09:52,252 INFO :: BTCUSDT 57521.52 / 57522.68
2021-11-30 22:09:54,371 INFO :: BTCUSDT 57518.07 / 57522.68
2021-11-30 22:09:54,371 INFO :: BTCUSDT 57518.07 / 57522.68
2021-11-30 22:09:54,371 INFO :: BTCUSDT 57518.07 / 57522.68
2021-11-30 22:09:54,379 INFO :: BTCUSDT 57518.07 / 57522.68
2021-11-30 22:09:54,416 INFO :: BTCUSDT 57516.92 / 57522.68
2021-11-30 22:09:54,429 INFO :: BTCUSDT 57515.77 / 57522.68
2021-11-30 22:09:54,502 INFO :: BTCUSDT 57514.62 / 57522.68
2021-11-30 22:09:54,515 INFO :: BTCUSDT 57513.47 / 57522.68
2021-11-30 22:09:54,528 INFO :: BTCUSDT 57512.32 / 57522.68
2021-11-30 22:09:54,539 INFO :: BTCUSDT 57511.17 / 57522.68
2021-11-30 22:09:54,628 INFO :: BTCUSDT 57510.02 / 57522.68
2021-11-30 22:09:54,628 INFO :: BTCUSDT 57508.87 / 57522.68
2021-11-30 22:09:54,629 INFO :: BTCUSDT 57507.72 / 57522.68
2021-11-30 22:09:54,629 INFO :: BTCUSDT 57506.67 / 57522.68
2021-11-30 22:11:39,333 INFO :: Initialized connection towards binance future
2021-11-30 22:11:40,862 INFO :: Binance wss connection opened
2021-11-30 22:11:42,501 INFO :: BTCUSDT 57616.42 / 57617.58
2021-11-30 22:11:42,502 INFO :: BTCUSDT 57616.42 / 57618.73
2021-11-30 22:11:44,549 INFO :: BTCUSDT 57617.57 / 57618.73
2021-11-30 22:11:44,549 INFO :: BTCUSDT 57617.57 / 57617.58
2021-11-30 22:11:44,558 INFO :: BTCUSDT 57617.57 / 57617.58
2021-11-30 22:11:46,187 INFO :: BTCUSDT 57617.57 / 57617.58
2021-11-30 22:11:46,187 INFO :: BTCUSDT 57617.57 / 57617.58
2021-11-30 22:11:46,187 INFO :: BTCUSDT 57617.57 / 57618.73
2021-11-30 22:11:46,188 INFO :: BTCUSDT 57617.57 / 57618.73
2021-11-30 22:11:46,188 INFO :: BTCUSDT 57620.14 / 57621.27
2021-11-30 22:11:46,393 INFO :: BTCUSDT 57617.57 / 57621.27
2021-11-30 22:11:46,492 INFO :: BTCUSDT 57617.57 / 57622.42
2021-11-30 22:11:46,506 INFO :: BTCUSDT 57617.57 / 57623.57
2021-11-30 22:11:46,520 INFO :: BTCUSDT 57617.57 / 57624.72
2021-11-30 22:11:46,530 INFO :: BTCUSDT 57617.57 / 57625.87
2021-11-30 22:11:46,541 INFO :: BTCUSDT 57617.57 / 57625.9
2021-11-30 22:13:06,711 INFO :: Initialized connection towards binance future
2021-11-30 22:13:08,551 INFO :: Binance wss connection opened
2021-11-30 22:13:21,217 INFO :: Initialized connection towards binance future
2021-11-30 22:13:22,650 INFO :: Binance wss connection opened
2021-11-30 22:13:23,591 INFO :: BTCUSDT 57612.71 / 57613.87
2021-11-30 22:13:24,209 INFO :: BTCUSDT 57613.86 / 57613.87
2021-11-30 22:13:24,210 INFO :: BTCUSDT 57613.86 / 57614.92
2021-11-30 22:13:26,337 INFO :: BTCUSDT 57611.49 / 57614.92
2021-11-30 22:13:26,338 INFO :: BTCUSDT 57611.49 / 57612.65
2021-11-30 22:13:28,588 INFO :: BTCUSDT 57611.49 / 57612.65
2021-11-30 22:13:28,589 INFO :: BTCUSDT 57611.27 / 57612.65
2021-11-30 22:13:30,636 INFO :: BTCUSDT 57611.27 / 57612.65
2021-11-30 22:13:30,637 INFO :: BTCUSDT 57610.12 / 57612.65
2021-11-30 22:13:30,638 INFO :: BTCUSDT 57608.97 / 57612.65
2021-11-30 22:13:30,639 INFO :: BTCUSDT 57607.82 / 57612.65
2021-11-30 22:13:30,649 INFO :: BTCUSDT 57607.82 / 57612.65
2021-11-30 22:13:30,662 INFO :: BTCUSDT 57606.37 / 57612.65
2021-11-30 22:13:30,673 INFO :: BTCUSDT 57606.37 / 57612.65
2021-11-30 22:13:30,686 INFO :: BTCUSDT 57606.37 / 57612.65
2021-11-30 22:13:30,760 INFO :: BTCUSDT 57605.52 / 57612.65
2021-11-30 22:13:30,772 INFO :: BTCUSDT 57604.92 / 57612.65
2021-11-30 22:13:30,943 INFO :: BTCUSDT 57604.89 / 57612.65
2021-11-30 22:13:30,943 INFO :: BTCUSDT 57603.74 / 57612.65
2021-11-30 22:13:30,944 INFO :: BTCUSDT 57602.59 / 57612.65
2021-11-30 22:13:30,944 INFO :: BTCUSDT 57601.44 / 57612.65
2021-11-30 22:13:30,944 INFO :: BTCUSDT 57600.29 / 57612.65
2021-11-30 22:13:30,944 INFO :: BTCUSDT 57599.14 / 57612.65
2021-11-30 22:13:30,945 INFO :: BTCUSDT 57597.99 / 57612.65
2021-11-30 22:13:30,945 INFO :: BTCUSDT 57596.84 / 57612.65
2021-11-30 22:13:30,945 INFO :: BTCUSDT 57595.69 / 57612.65
2021-11-30 22:13:30,945 INFO :: BTCUSDT 57594.54 / 57612.65
2021-11-30 22:13:30,946 INFO :: BTCUSDT 57593.39 / 57612.65
2021-11-30 22:17:10,393 INFO :: Initialized connection towards binance future
2021-11-30 22:17:11,925 INFO :: Binance wss connection opened
2021-11-30 22:17:12,234 INFO :: BTCUSDT 57666.31 / 57674.4
2021-11-30 22:17:12,235 INFO :: BTCUSDT 57666.31 / 57674.4
2021-11-30 22:17:12,235 INFO :: BTCUSDT 57666.31 / 57674.4
2021-11-30 22:17:12,240 INFO :: BTCUSDT 57666.31 / 57666.64
2021-11-30 22:17:12,266 INFO :: BTCUSDT 57666.31 / 57666.64
2021-11-30 22:17:12,337 INFO :: BTCUSDT 57665.16 / 57666.64
2021-11-30 22:17:12,351 INFO :: BTCUSDT 57664.01 / 57666.64
2021-11-30 22:17:12,369 INFO :: BTCUSDT 57662.86 / 57666.64
2021-11-30 22:17:12,380 INFO :: BTCUSDT 57661.71 / 57666.64
2021-11-30 22:17:12,538 INFO :: BTCUSDT 57660.56 / 57666.64
2021-11-30 22:17:12,539 INFO :: BTCUSDT 57659.73 / 57666.64
2021-11-30 22:17:14,586 INFO :: BTCUSDT 57659.73 / 57666.64
2021-11-30 22:17:14,587 INFO :: BTCUSDT 57659.73 / 57674.4
2021-11-30 22:17:14,587 INFO :: BTCUSDT 57659.73 / 57677.82
2021-11-30 22:17:14,588 INFO :: BTCUSDT 57659.73 / 57677.82
2021-11-30 22:17:14,589 INFO :: BTCUSDT 57659.73 / 57677.82
2021-11-30 22:17:14,589 INFO :: BTCUSDT 57659.73 / 57677.82
2021-11-30 22:17:14,600 INFO :: BTCUSDT 57659.73 / 57681.27
2021-11-30 22:17:14,618 INFO :: BTCUSDT 57659.73 / 57685.87
2021-11-30 22:17:14,893 INFO :: BTCUSDT 57659.73 / 57685.87
2021-11-30 22:17:14,917 INFO :: BTCUSDT 57659.73 / 57687.02
2021-11-30 22:17:14,929 INFO :: BTCUSDT 57659.73 / 57696.07
2021-11-30 22:17:14,934 INFO :: BTCUSDT 57659.73 / 57669.56
2021-11-30 22:17:15,002 INFO :: BTCUSDT 57659.73 / 57669.56
2021-11-30 22:17:15,044 INFO :: BTCUSDT 57659.73 / 57669.56
2021-11-30 22:17:16,532 INFO :: BTCUSDT 57699.99 / 57700.0
2021-11-30 22:17:16,626 INFO :: BTCUSDT 57699.99 / 57700.0
2021-11-30 22:17:16,685 INFO :: BTCUSDT 57699.99 / 57700.21
2021-11-30 22:17:18,272 INFO :: BTCUSDT 57699.99 / 57700.0
2021-11-30 22:17:18,315 INFO :: BTCUSDT 57699.99 / 57700.0
2021-11-30 22:17:18,328 INFO :: BTCUSDT 57697.69 / 57700.0
2021-11-30 22:17:18,344 INFO :: BTCUSDT 57694.24 / 57700.0
2021-11-30 22:17:18,366 INFO :: BTCUSDT 57659.73 / 57664.34
2021-11-30 22:17:18,418 INFO :: BTCUSDT 57659.73 / 57664.34
2021-11-30 22:17:18,507 INFO :: BTCUSDT 57659.41 / 57664.34
2021-11-30 22:17:20,039 INFO :: BTCUSDT 57659.73 / 57664.34
2021-11-30 22:17:20,093 INFO :: BTCUSDT 57659.73 / 57659.74
2021-11-30 22:19:22,895 INFO :: Initialized connection towards binance future
2021-11-30 22:19:24,424 INFO :: Binance wss connection opened
2021-11-30 22:19:25,549 INFO :: BTCUSDT 57543.1 / 57543.51
2021-11-30 22:19:26,369 INFO :: BTCUSDT 57543.5 / 57543.51
2021-11-30 22:19:26,448 INFO :: BTCUSDT 57543.5 / 57544.66
2021-11-30 22:19:28,519 INFO :: BTCUSDT 57543.5 / 57543.51
2021-11-30 22:19:28,520 INFO :: BTCUSDT 57543.1 / 57543.51
2021-11-30 22:19:30,160 INFO :: BTCUSDT 57543.1 / 57544.66
2021-11-30 22:19:30,161 INFO :: BTCUSDT 57543.1 / 57548.11
2021-11-30 22:19:30,161 INFO :: BTCUSDT 57543.1 / 57549.26
2021-11-30 22:19:30,162 INFO :: BTCUSDT 57543.1 / 57549.26
2021-11-30 22:19:30,162 INFO :: BTCUSDT 57543.1 / 57551.56
2021-11-30 22:19:30,163 INFO :: BTCUSDT 57543.1 / 57551.56
2021-11-30 22:19:30,164 INFO :: BTCUSDT 57543.1 / 57552.71
2021-11-30 22:19:30,164 INFO :: BTCUSDT 57543.1 / 57552.71
2021-11-30 22:19:30,494 INFO :: BTCUSDT 57543.1 / 57553.06
2021-11-30 22:19:30,508 INFO :: BTCUSDT 57543.1 / 57553.46
2021-11-30 22:19:30,521 INFO :: BTCUSDT 57543.1 / 57554.61
2021-11-30 22:19:30,532 INFO :: BTCUSDT 57543.1 / 57555.76
2021-11-30 22:19:30,544 INFO :: BTCUSDT 57543.1 / 57556.51
2021-11-30 22:19:30,558 INFO :: BTCUSDT 57543.1 / 57557.66
2021-11-30 22:19:30,573 INFO :: BTCUSDT 57543.1 / 57558.81
2021-11-30 22:19:30,588 INFO :: BTCUSDT 57543.1 / 57559.96
2021-11-30 22:19:30,601 INFO :: BTCUSDT 57543.1 / 57561.11
2021-11-30 22:19:30,611 INFO :: BTCUSDT 57543.1 / 57562.26
2021-11-30 22:19:30,635 INFO :: BTCUSDT 57543.1 / 57563.41
2021-11-30 22:19:30,874 INFO :: BTCUSDT 57543.1 / 57564.6
2021-11-30 22:19:32,204 INFO :: BTCUSDT 57567.15 / 57568.05
2021-11-30 22:19:32,280 INFO :: BTCUSDT 57567.15 / 57567.16
2021-11-30 22:19:34,661 INFO :: BTCUSDT 57567.15 / 57567.16
2021-11-30 22:19:34,662 INFO :: BTCUSDT 57567.15 / 57567.16
2021-11-30 22:19:34,663 INFO :: BTCUSDT 57566.0 / 57566.9
2021-11-30 22:19:34,682 INFO :: BTCUSDT 57564.85 / 57566.9
2021-11-30 22:19:34,696 INFO :: BTCUSDT 57563.7 / 57566.9
2021-11-30 22:19:34,712 INFO :: BTCUSDT 57563.44 / 57566.9
2021-11-30 22:19:36,504 INFO :: BTCUSDT 57562.55 / 57563.44
2021-11-30 22:19:36,505 INFO :: BTCUSDT 57562.55 / 57563.44
2021-11-30 22:19:38,142 INFO :: BTCUSDT 57563.43 / 57563.44
2021-11-30 22:19:38,243 INFO :: BTCUSDT 57563.43 / 57564.59
2021-11-30 22:19:40,396 INFO :: BTCUSDT 57563.43 / 57564.59
2021-11-30 22:19:40,396 INFO :: BTCUSDT 57562.55 / 57564.59
2021-11-30 22:19:40,396 INFO :: BTCUSDT 57562.55 / 57564.59
2021-11-30 22:19:40,396 INFO :: BTCUSDT 57562.55 / 57563.49
2021-11-30 22:19:40,417 INFO :: BTCUSDT 57561.4 / 57563.49
2021-11-30 22:19:40,429 INFO :: BTCUSDT 57560.25 / 57563.49
2021-11-30 22:19:40,442 INFO :: BTCUSDT 57560.03 / 57563.49
2021-11-30 22:19:52,793 INFO :: Initialized connection towards binance future
2021-11-30 22:19:54,322 INFO :: Binance wss connection opened
2021-11-30 22:19:56,062 INFO :: BTCUSDT 57543.18 / 57551.12
2021-11-30 22:19:56,098 INFO :: BTCUSDT 57543.85 / 57551.12
2021-11-30 22:19:56,370 INFO :: BTCUSDT 57543.85 / 57545.01
2021-11-30 22:19:58,521 INFO :: BTCUSDT 57543.85 / 57543.86
2021-11-30 22:19:58,542 INFO :: BTCUSDT 57543.85 / 57543.86
2021-11-30 22:19:58,556 INFO :: BTCUSDT 57543.18 / 57543.86
2021-11-30 22:20:00,363 INFO :: BTCUSDT 57543.1 / 57543.86
2021-11-30 22:20:00,364 INFO :: BTCUSDT 57541.95 / 57543.86
2021-11-30 22:20:00,364 INFO :: BTCUSDT 57541.95 / 57543.86
2021-11-30 22:20:00,365 INFO :: BTCUSDT 57541.95 / 57543.86
2021-11-30 22:20:00,366 INFO :: BTCUSDT 57541.95 / 57543.86
2021-11-30 22:20:00,366 INFO :: BTCUSDT 57539.65 / 57543.86
2021-11-30 22:20:00,367 INFO :: BTCUSDT 57536.2 / 57543.86
2021-11-30 22:20:00,453 INFO :: BTCUSDT 57535.05 / 57543.86
2021-11-30 22:20:00,467 INFO :: BTCUSDT 57533.9 / 57543.86
2021-11-30 22:20:00,482 INFO :: BTCUSDT 57532.75 / 57543.86
2021-11-30 22:20:00,670 INFO :: BTCUSDT 57530.45 / 57543.86
2021-11-30 22:20:00,670 INFO :: BTCUSDT 57529.3 / 57543.86
2021-11-30 22:20:00,670 INFO :: BTCUSDT 57528.15 / 57543.86
2021-11-30 22:20:00,670 INFO :: BTCUSDT 57527.0 / 57543.86
2021-11-30 22:20:00,671 INFO :: BTCUSDT 57526.5 / 57543.86
2021-11-30 22:20:00,916 INFO :: BTCUSDT 57526.5 / 57543.86
2021-11-30 22:20:00,917 INFO :: BTCUSDT 57526.5 / 57543.86
2021-11-30 22:20:00,918 INFO :: BTCUSDT 57526.5 / 57543.86
2021-11-30 22:20:00,918 INFO :: BTCUSDT 57526.5 / 57543.86
2021-11-30 22:20:00,990 INFO :: BTCUSDT 57526.5 / 57543.86
2021-11-30 22:20:00,998 INFO :: BTCUSDT 57526.5 / 57543.86
2021-11-30 22:20:00,998 INFO :: BTCUSDT 57526.5 / 57543.86
2021-11-30 22:20:00,998 INFO :: BTCUSDT 57526.5 / 57543.86
2021-11-30 22:20:00,998 INFO :: BTCUSDT 57526.5 / 57543.86
2021-11-30 22:20:01,008 INFO :: BTCUSDT 57526.5 / 57543.86
2021-11-30 22:20:01,014 INFO :: BTCUSDT 57526.5 / 57543.86
2021-11-30 22:20:01,016 INFO :: BTCUSDT 57526.5 / 57543.86
2021-11-30 22:20:01,796 INFO :: BTCUSDT 57526.5 / 57543.86
2021-11-30 22:20:02,310 INFO :: BTCUSDT 57524.7 / 57543.86
2021-11-30 22:20:02,310 INFO :: BTCUSDT 57524.7 / 57525.56
2021-11-30 22:20:02,513 INFO :: BTCUSDT 57524.4 / 57525.56
2021-12-01 21:45:15,842 INFO :: Initialized connection towards binance future
2021-12-01 21:45:17,343 INFO :: Binance wss connection opened
2021-12-01 21:45:18,366 INFO :: BTCUSDT 57189.53 / 57189.54
2021-12-01 21:45:18,367 INFO :: BTCUSDT 57188.39 / 57189.54
2021-12-01 21:45:20,312 INFO :: BTCUSDT 57188.39 / 57190.05
2021-12-01 21:45:20,313 INFO :: BTCUSDT 57188.39 / 57190.05
2021-12-01 21:45:20,313 INFO :: BTCUSDT 57188.39 / 57191.19
2021-12-01 21:45:20,321 INFO :: BTCUSDT 57188.39 / 57191.19
2021-12-01 21:45:20,330 INFO :: BTCUSDT 57188.39 / 57191.19
2021-12-01 21:45:20,346 INFO :: BTCUSDT 57188.39 / 57191.19
2021-12-01 21:45:20,360 INFO :: BTCUSDT 57188.39 / 57192.33
2021-12-01 21:45:20,375 INFO :: BTCUSDT 57188.39 / 57194.61
2021-12-01 21:45:20,721 INFO :: BTCUSDT 57188.39 / 57195.75
2021-12-01 21:45:20,722 INFO :: BTCUSDT 57188.39 / 57196.89
2021-12-01 21:45:20,722 INFO :: BTCUSDT 57188.39 / 57198.03
2021-12-01 21:45:20,723 INFO :: BTCUSDT 57188.39 / 57199.17
2021-12-01 21:45:20,723 INFO :: BTCUSDT 57188.39 / 57200.31
2021-12-01 21:45:20,738 INFO :: BTCUSDT 57188.39 / 57201.45
2021-12-01 21:45:20,750 INFO :: BTCUSDT 57188.39 / 57202.59
2021-12-01 21:45:20,761 INFO :: BTCUSDT 57188.39 / 57203.73
2021-12-01 21:45:20,772 INFO :: BTCUSDT 57188.39 / 57204.87
2021-12-01 21:45:20,786 INFO :: BTCUSDT 57188.39 / 57206.01
2021-12-01 21:45:20,791 INFO :: BTCUSDT 57188.39 / 57207.15
2021-12-01 21:45:20,802 INFO :: BTCUSDT 57188.39 / 57208.29
2021-12-01 21:45:20,815 INFO :: BTCUSDT 57188.39 / 57209.1
2021-12-01 21:45:22,360 INFO :: BTCUSDT 57209.09 / 57209.1
2021-12-01 21:45:22,564 INFO :: BTCUSDT 57209.09 / 57209.1
2021-12-01 21:45:22,565 INFO :: BTCUSDT 57209.09 / 57209.43
2021-12-01 21:45:24,715 INFO :: BTCUSDT 57207.95 / 57209.43
2021-12-01 21:45:24,716 INFO :: BTCUSDT 57203.39 / 57209.43
2021-12-01 21:45:24,716 INFO :: BTCUSDT 57187.25 / 57209.43
2021-12-01 21:45:24,737 INFO :: BTCUSDT 57186.11 / 57209.43
2021-12-01 21:45:24,747 INFO :: BTCUSDT 57186.11 / 57209.43
2021-12-01 21:45:24,761 INFO :: BTCUSDT 57186.11 / 57186.56
2021-12-01 21:45:24,919 INFO :: BTCUSDT 57183.83 / 57186.56
2021-12-01 21:45:24,920 INFO :: BTCUSDT 57182.69 / 57186.56
2021-12-01 21:45:24,925 INFO :: BTCUSDT 57181.55 / 57186.56
2021-12-01 21:45:24,937 INFO :: BTCUSDT 57180.41 / 57186.56
2021-12-01 21:45:24,949 INFO :: BTCUSDT 57179.27 / 57186.56
2021-12-01 21:45:24,962 INFO :: BTCUSDT 57178.57 / 57186.56
2021-12-01 21:45:26,558 INFO :: BTCUSDT 57185.82 / 57186.56
2021-12-01 21:45:26,627 INFO :: BTCUSDT 57185.82 / 57185.83
2021-12-01 21:45:28,504 INFO :: BTCUSDT 57184.68 / 57185.83
2021-12-01 21:45:28,504 INFO :: BTCUSDT 57184.68 / 57186.56
2021-12-01 21:45:30,652 INFO :: BTCUSDT 57184.68 / 57186.56
2021-12-01 21:45:30,653 INFO :: BTCUSDT 57183.54 / 57186.56
2021-12-01 21:45:30,671 INFO :: BTCUSDT 57183.54 / 57184.28
2021-12-01 21:45:30,722 INFO :: BTCUSDT 57182.4 / 57184.28
2021-12-01 21:45:30,732 INFO :: BTCUSDT 57181.26 / 57184.28
2021-12-01 21:45:30,743 INFO :: BTCUSDT 57180.12 / 57184.28
2021-12-01 21:45:30,753 INFO :: BTCUSDT 57178.98 / 57184.28
2021-12-01 21:45:30,762 INFO :: BTCUSDT 57178.57 / 57184.28
2021-12-01 21:45:30,776 INFO :: BTCUSDT 57178.48 / 57184.28
2021-12-05 22:10:08,851 INFO :: Initialized connection towards binance future
2021-12-05 22:10:10,285 INFO :: Binance wss connection opened
2021-12-05 22:10:10,795 INFO :: BTCUSDT 48812.0 / 48812.99
2021-12-05 22:10:10,796 INFO :: BTCUSDT 48812.0 / 48816.91
2021-12-05 22:10:10,796 INFO :: BTCUSDT 48812.0 / 48817.89
2021-12-05 22:10:10,797 INFO :: BTCUSDT 48812.0 / 48817.89
2021-12-05 22:10:10,811 INFO :: BTCUSDT 48812.0 / 48825.67
2021-12-05 22:10:10,825 INFO :: BTCUSDT 48812.0 / 48825.67
2021-12-05 22:10:10,836 INFO :: BTCUSDT 48825.11 / 48825.67
2021-12-05 22:10:11,307 INFO :: BTCUSDT 48825.11 / 48826.65
2021-12-05 22:10:11,308 INFO :: BTCUSDT 48825.11 / 48827.63
2021-12-05 22:10:11,309 INFO :: BTCUSDT 48825.11 / 48828.61
2021-12-05 22:10:11,309 INFO :: BTCUSDT 48825.11 / 48829.59
2021-12-05 22:10:11,310 INFO :: BTCUSDT 48825.11 / 48830.57
2021-12-05 22:10:11,311 INFO :: BTCUSDT 48825.11 / 48831.55
2021-12-05 22:10:12,536 INFO :: BTCUSDT 48831.54 / 48831.55
2021-12-05 22:10:12,947 INFO :: BTCUSDT 48830.99 / 48831.0
2021-12-05 22:10:13,005 INFO :: BTCUSDT 48830.99 / 48831.0
2021-12-05 22:10:13,054 INFO :: BTCUSDT 48830.99 / 48831.0
2021-12-05 22:10:13,458 INFO :: BTCUSDT 48830.99 / 48831.0
2021-12-05 22:10:14,891 INFO :: BTCUSDT 48830.01 / 48831.0
2021-12-05 22:10:14,891 INFO :: BTCUSDT 48830.01 / 48831.55
2021-12-05 22:10:15,710 INFO :: BTCUSDT 48831.54 / 48831.55
2021-12-05 22:10:16,325 INFO :: BTCUSDT 48830.01 / 48831.55
2021-12-05 22:10:16,403 INFO :: BTCUSDT 48830.01 / 48831.55
2021-12-05 22:10:16,940 INFO :: BTCUSDT 48830.99 / 48831.55
2021-12-05 22:10:17,013 INFO :: BTCUSDT 48830.99 / 48832.53
2021-12-05 22:10:17,664 INFO :: BTCUSDT 48830.99 / 48832.53
2021-12-05 22:10:18,475 INFO :: BTCUSDT 48830.99 / 48832.53
2021-12-05 22:10:18,679 INFO :: BTCUSDT 48830.99 / 48837.43
2021-12-05 22:10:18,680 INFO :: BTCUSDT 48830.99 / 48837.43
2021-12-05 22:10:18,681 INFO :: BTCUSDT 48830.99 / 48837.43
2021-12-05 22:10:18,682 INFO :: BTCUSDT 48830.99 / 48838.41
2021-12-05 22:10:18,682 INFO :: BTCUSDT 48830.99 / 48838.41
2021-12-05 22:10:18,683 INFO :: BTCUSDT 48830.99 / 48838.41
2021-12-05 22:10:18,683 INFO :: BTCUSDT 48830.99 / 48839.39
2021-12-05 22:10:18,684 INFO :: BTCUSDT 48830.99 / 48841.35
2021-12-05 22:10:18,885 INFO :: BTCUSDT 48841.34 / 48841.35
2021-12-05 22:10:18,957 INFO :: BTCUSDT 48841.34 / 48842.33
2021-12-05 22:10:18,967 INFO :: BTCUSDT 48841.34 / 48843.31
2021-12-05 22:10:18,981 INFO :: BTCUSDT 48841.34 / 48844.29
2021-12-05 22:10:18,995 INFO :: BTCUSDT 48841.34 / 48845.27
2021-12-05 22:22:42,092 INFO :: Initialized connection towards binance future
2021-12-05 22:22:43,388 INFO :: Binance wss connection opened
2021-12-05 22:22:44,219 INFO :: BTCUSDT 48533.31 / 48535.26
2021-12-05 22:22:46,324 INFO :: BTCUSDT 48534.28 / 48535.26
2021-12-05 22:22:46,324 INFO :: BTCUSDT 48534.28 / 48534.29
2021-12-05 22:22:48,379 INFO :: BTCUSDT 48534.62 / 48535.26
2021-12-05 22:22:48,380 INFO :: BTCUSDT 48534.62 / 48534.63
2021-12-05 22:22:50,535 INFO :: BTCUSDT 48534.62 / 48534.63
2021-12-05 22:22:50,535 INFO :: BTCUSDT 48534.28 / 48534.63
2021-12-05 22:22:50,536 INFO :: BTCUSDT 48533.31 / 48534.63
2021-12-05 22:22:52,579 INFO :: BTCUSDT 48534.62 / 48534.63
2021-12-05 22:22:52,580 INFO :: BTCUSDT 48534.62 / 48535.26
2021-12-05 22:22:54,191 INFO :: BTCUSDT 48534.62 / 48534.63
2021-12-05 22:22:54,192 INFO :: BTCUSDT 48533.65 / 48534.63
2021-12-05 22:22:55,830 INFO :: BTCUSDT 48533.65 / 48534.63
2021-12-05 22:22:56,238 INFO :: BTCUSDT 48533.65 / 48534.63
2021-12-05 22:22:56,239 INFO :: BTCUSDT 48535.24 / 48535.26
2021-12-05 22:22:56,265 INFO :: BTCUSDT 48535.24 / 48536.22
2021-12-05 22:22:58,389 INFO :: BTCUSDT 48536.21 / 48536.22
2021-12-05 22:22:58,389 INFO :: BTCUSDT 48536.21 / 48536.23
2021-12-05 22:23:00,438 INFO :: BTCUSDT 48536.21 / 48536.22
2021-12-05 22:23:00,438 INFO :: BTCUSDT 48536.21 / 48536.22
2021-12-05 22:23:00,442 INFO :: BTCUSDT 48535.24 / 48536.22
2021-12-05 22:23:01,665 INFO :: BTCUSDT 48535.24 / 48536.22
2021-12-05 22:23:02,588 INFO :: BTCUSDT 48535.24 / 48536.22
2021-12-05 22:23:02,589 INFO :: BTCUSDT 48534.27 / 48536.22
2021-12-05 22:23:02,590 INFO :: BTCUSDT 48533.65 / 48533.75
2021-12-05 22:23:02,591 INFO :: BTCUSDT 48533.31 / 48533.75
2021-12-05 22:23:02,598 INFO :: BTCUSDT 48532.34 / 48533.75
2021-12-05 22:23:02,612 INFO :: BTCUSDT 48531.8 / 48533.75
2021-12-07 20:49:49,207 INFO :: Initialized connection towards binance future
2021-12-07 20:49:50,844 INFO :: Binance wss connection opened
2021-12-07 20:49:51,428 INFO :: BTCUSDT 50853.04 / 50854.14
2021-12-07 20:49:51,429 INFO :: BTCUSDT 50853.04 / 50855.16
2021-12-07 20:49:51,429 INFO :: BTCUSDT 50853.04 / 50856.18
2021-12-07 20:49:51,430 INFO :: BTCUSDT 50853.04 / 50857.2
2021-12-07 20:49:51,431 INFO :: BTCUSDT 50853.04 / 50858.22
2021-12-07 20:49:51,431 INFO :: BTCUSDT 50853.04 / 50859.24
2021-12-07 20:49:51,459 INFO :: BTCUSDT 50853.04 / 50860.19
2021-12-07 20:49:53,195 INFO :: BTCUSDT 50853.04 / 50860.19
2021-12-07 20:49:53,195 INFO :: BTCUSDT 50841.34 / 50860.19
2021-12-07 20:49:53,196 INFO :: BTCUSDT 50839.77 / 50839.89
2021-12-07 20:49:53,196 INFO :: BTCUSDT 50838.75 / 50839.89
2021-12-07 20:49:53,196 INFO :: BTCUSDT 50837.73 / 50839.89
2021-12-07 20:59:13,410 INFO :: Initialized connection towards binance future
2021-12-07 20:59:14,945 INFO :: Binance wss connection opened
2021-12-07 20:59:15,558 INFO :: BTCUSDT 50859.01 / 50859.71
2021-12-07 20:59:15,559 INFO :: BTCUSDT 50859.01 / 50859.71
2021-12-07 20:59:15,625 INFO :: BTCUSDT 50859.01 / 50861.76
2021-12-07 20:59:17,196 INFO :: BTCUSDT 50859.71 / 50861.76
2021-12-07 20:59:17,197 INFO :: BTCUSDT 50859.71 / 50861.76
2021-12-07 20:59:17,298 INFO :: BTCUSDT 50859.71 / 50861.76
2021-12-07 20:59:42,303 INFO :: Initialized connection towards binance future
2021-12-07 20:59:43,822 INFO :: Binance wss connection opened
2021-12-07 20:59:45,050 INFO :: BTCUSDT 50863.96 / 50864.99
2021-12-07 20:59:45,051 INFO :: BTCUSDT 50863.96 / 50863.97
2021-12-07 20:59:47,200 INFO :: BTCUSDT 50862.94 / 50863.97
2021-12-07 20:59:47,201 INFO :: BTCUSDT 50862.94 / 50864.99
2021-12-07 20:59:49,248 INFO :: BTCUSDT 50863.96 / 50864.99
2021-12-07 20:59:49,249 INFO :: BTCUSDT 50863.96 / 50863.97
2021-12-07 21:39:18,871 INFO :: Initialized connection towards binance future
2021-12-07 21:39:20,399 INFO :: Binance wss connection opened
2021-12-07 21:39:20,911 INFO :: BTCUSDT 50307.3 / 50307.31
2021-12-07 21:39:21,221 INFO :: BTCUSDT 50307.3 / 50307.31
2021-12-07 21:39:21,222 INFO :: BTCUSDT 50306.29 / 50307.31
2021-12-07 21:39:21,222 INFO :: BTCUSDT 50306.29 / 50308.32
2021-12-07 21:39:23,266 INFO :: BTCUSDT 50307.3 / 50308.32
2021-12-07 21:39:23,266 INFO :: BTCUSDT 50307.3 / 50307.31
2021-12-07 21:39:25,418 INFO :: BTCUSDT 50306.29 / 50307.31
2021-12-07 21:39:25,418 INFO :: BTCUSDT 50306.29 / 50308.32
2021-12-07 21:39:27,464 INFO :: BTCUSDT 50307.3 / 50308.32
2021-12-07 21:39:27,465 INFO :: BTCUSDT 50307.3 / 50307.31
2021-12-07 21:39:27,466 INFO :: BTCUSDT 50307.3 / 50307.31
2021-12-07 21:39:27,977 INFO :: BTCUSDT 50307.3 / 50307.31
2021-12-07 21:39:28,897 INFO :: BTCUSDT 50307.3 / 50307.31
2021-12-07 21:39:29,512 INFO :: BTCUSDT 50306.29 / 50307.31
2021-12-07 21:39:29,513 INFO :: BTCUSDT 50306.29 / 50308.32
2021-12-07 21:39:31,049 INFO :: BTCUSDT 50307.3 / 50308.32
2021-12-07 21:39:31,050 INFO :: BTCUSDT 50307.3 / 50307.31
2021-12-07 21:39:33,199 INFO :: BTCUSDT 50307.3 / 50307.31
2021-12-07 21:39:33,200 INFO :: BTCUSDT 50306.29 / 50307.31
2021-12-07 21:39:33,200 INFO :: BTCUSDT 50306.29 / 50308.32
2021-12-07 21:39:33,286 INFO :: BTCUSDT 50306.29 / 50308.32
2021-12-07 21:39:33,813 INFO :: BTCUSDT 50306.29 / 50308.32
2021-12-07 21:39:35,026 INFO :: BTCUSDT 50306.29 / 50308.32
2021-12-07 21:39:35,247 INFO :: BTCUSDT 50307.3 / 50308.32
2021-12-07 21:39:35,247 INFO :: BTCUSDT 50307.3 / 50307.31
2021-12-07 21:39:37,295 INFO :: BTCUSDT 50307.3 / 50307.31
2021-12-07 21:39:37,309 INFO :: BTCUSDT 50306.29 / 50307.31
2021-12-07 21:39:37,322 INFO :: BTCUSDT 50306.29 / 50307.92
2021-12-07 21:39:39,241 INFO :: BTCUSDT 50306.29 / 50307.92
2021-12-07 21:39:39,445 INFO :: BTCUSDT 50307.3 / 50307.92
2021-12-07 21:39:39,855 INFO :: BTCUSDT 50307.3 / 50307.92
2021-12-07 21:39:40,572 INFO :: BTCUSDT 50307.3 / 50307.92
2021-12-07 21:39:40,780 INFO :: BTCUSDT 50307.3 / 50308.32
2021-12-07 21:39:40,857 INFO :: BTCUSDT 50307.92 / 50308.32
2021-12-07 21:39:41,494 INFO :: BTCUSDT 50307.3 / 50307.31
2021-12-07 21:39:41,495 INFO :: BTCUSDT 50306.29 / 50307.31
2021-12-07 21:39:42,210 INFO :: BTCUSDT 50306.29 / 50307.31
2021-12-07 21:39:43,030 INFO :: BTCUSDT 50307.3 / 50307.31
2021-12-07 21:39:43,031 INFO :: BTCUSDT 50307.3 / 50308.32
2021-12-07 21:39:43,139 INFO :: BTCUSDT 50307.3 / 50308.32
2021-12-07 21:39:43,199 INFO :: BTCUSDT 50307.3 / 50308.32
2021-12-07 21:39:43,645 INFO :: BTCUSDT 50307.3 / 50308.32
2021-12-07 21:39:44,259 INFO :: BTCUSDT 50307.3 / 50308.32
2021-12-07 21:39:44,566 INFO :: BTCUSDT 50307.3 / 50308.32
2021-12-07 21:39:45,184 INFO :: BTCUSDT 50306.29 / 50308.32
2021-12-07 21:39:45,203 INFO :: BTCUSDT 50306.29 / 50308.32
2021-12-07 21:39:46,205 INFO :: BTCUSDT 50306.29 / 50308.32
2021-12-07 21:39:47,228 INFO :: BTCUSDT 50307.3 / 50308.32
2021-12-07 21:39:47,229 INFO :: BTCUSDT 50307.3 / 50307.31
2021-12-07 21:39:47,230 INFO :: BTCUSDT 50307.3 / 50307.31
2021-12-07 21:39:48,253 INFO :: BTCUSDT 50307.3 / 50307.31
2021-12-07 21:39:48,764 INFO :: BTCUSDT 50307.3 / 50307.31
2021-12-07 21:39:49,277 INFO :: BTCUSDT 50306.29 / 50307.31
2021-12-07 21:39:49,277 INFO :: BTCUSDT 50306.29 / 50308.32
2021-12-07 21:39:49,584 INFO :: BTCUSDT 50306.29 / 50308.32
2021-12-07 21:39:50,096 INFO :: BTCUSDT 50306.29 / 50308.32
2021-12-07 21:39:50,138 INFO :: BTCUSDT 50306.29 / 50308.32
2021-12-07 21:39:51,161 INFO :: BTCUSDT 50306.29 / 50308.32
2021-12-07 21:39:51,276 INFO :: BTCUSDT 50307.3 / 50308.32
2021-12-07 21:39:51,292 INFO :: BTCUSDT 50307.3 / 50307.31
2021-12-07 21:43:02,519 INFO :: Initialized connection towards binance future
2021-12-07 21:43:04,053 INFO :: Binance wss connection opened
2021-12-13 21:57:32,568 INFO :: Initialized connection towards binance future
2021-12-13 21:57:34,054 INFO :: Binance wss connection opened
2021-12-13 22:00:24,449 INFO :: Initialized connection towards binance future
2021-12-13 22:00:25,878 INFO :: Binance wss connection opened
2021-12-13 22:01:56,201 INFO :: Initialized connection towards binance future
2021-12-13 22:01:57,733 INFO :: Binance wss connection opened
2021-12-13 22:04:27,620 INFO :: Initialized connection towards binance future
2021-12-13 22:04:29,081 INFO :: Binance wss connection opened
2021-12-14 21:48:20,595 INFO :: Initialized connection towards binance future
2021-12-14 21:48:22,125 INFO :: Binance wss connection opened
2021-12-14 21:52:34,748 INFO :: Initialized connection towards binance future
2021-12-14 21:52:36,283 INFO :: Binance wss connection opened
2021-12-14 21:53:27,080 INFO :: Initialized connection towards binance future
2021-12-14 21:53:28,609 INFO :: Binance wss connection opened
2021-12-14 21:53:51,553 INFO :: Initialized connection towards binance future
2021-12-14 21:53:54,312 INFO :: Binance wss connection opened
2021-12-14 21:54:08,346 INFO :: Initialized connection towards binance future
2021-12-14 21:54:09,979 INFO :: Binance wss connection opened
2021-12-14 21:54:29,846 INFO :: Initialized connection towards binance future
2021-12-14 21:54:31,380 INFO :: Binance wss connection opened
2021-12-14 21:56:57,408 INFO :: Initialized connection towards binance future
2021-12-14 21:56:58,938 INFO :: Binance wss connection opened
2021-12-14 21:57:17,682 INFO :: Initialized connection towards binance future
2021-12-14 21:57:19,173 INFO :: Binance wss connection opened
2021-12-14 21:57:51,781 INFO :: Initialized connection towards binance future
2021-12-14 21:57:53,312 INFO :: Binance wss connection opened
2021-12-14 21:59:09,605 INFO :: Initialized connection towards binance future
2021-12-14 21:59:11,136 INFO :: Binance wss connection opened
2021-12-14 22:00:53,928 INFO :: Initialized connection towards binance future
2021-12-14 22:00:55,461 INFO :: Binance wss connection opened
2021-12-14 22:01:29,972 INFO :: Initialized connection towards binance future
2021-12-14 22:01:31,401 INFO :: Binance wss connection opened
2021-12-14 22:02:57,554 INFO :: Initialized connection towards binance future
2021-12-14 22:02:59,085 INFO :: Binance wss connection opened
2021-12-14 22:17:02,211 INFO :: Initialized connection towards binance future
2021-12-14 22:17:03,743 INFO :: Binance wss connection opened
2021-12-14 22:20:29,062 INFO :: Initialized connection towards binance future
2021-12-14 22:20:30,571 INFO :: Binance wss connection opened
2021-12-14 22:21:17,707 INFO :: Initialized connection towards binance future
2021-12-14 22:21:19,237 INFO :: Binance wss connection opened
2021-12-14 22:21:44,668 INFO :: Initialized connection towards binance future
2021-12-14 22:21:46,171 INFO :: Binance wss connection opened
2021-12-14 22:26:17,239 INFO :: Initialized connection towards binance future
2021-12-14 22:26:18,771 INFO :: Binance wss connection opened
2021-12-14 22:26:59,318 INFO :: Initialized connection towards binance future
2021-12-14 22:27:00,758 INFO :: Binance wss connection opened
2021-12-16 20:35:00,329 INFO :: Initialized connection towards binance future
2021-12-16 20:35:02,064 INFO :: Binance wss connection opened
2021-12-16 20:36:00,784 INFO :: Initialized connection towards binance future
2021-12-16 20:36:02,379 INFO :: Binance wss connection opened
2021-12-16 20:36:27,981 INFO :: Initialized connection towards binance future
2021-12-16 20:36:29,515 INFO :: Binance wss connection opened
2021-12-19 21:25:33,072 INFO :: Initialized connection towards binance future
2021-12-19 21:25:34,708 INFO :: Binance wss connection opened
2021-12-19 21:26:37,664 INFO :: Initialized connection towards binance future
2021-12-19 21:26:39,191 INFO :: Binance wss connection opened
2021-12-19 21:27:40,945 INFO :: Initialized connection towards binance future
2021-12-19 21:27:42,475 INFO :: Binance wss connection opened
2021-12-19 21:28:50,547 INFO :: Initialized connection towards binance future
2021-12-19 21:28:52,108 INFO :: Binance wss connection opened
2021-12-19 21:30:55,911 INFO :: Initialized connection towards binance future
2021-12-19 21:30:57,345 INFO :: Binance wss connection opened
2021-12-19 21:32:59,207 INFO :: Initialized connection towards binance future
2021-12-19 21:33:00,782 INFO :: Binance wss connection opened
2021-12-19 21:33:57,676 INFO :: Initialized connection towards binance future
2021-12-19 21:33:59,207 INFO :: Binance wss connection opened
2021-12-19 21:35:57,379 INFO :: Initialized connection towards binance future
2021-12-19 21:35:58,812 INFO :: Binance wss connection opened
2021-12-19 21:43:14,732 INFO :: Initialized connection towards binance future
2021-12-19 21:43:16,267 INFO :: Binance wss connection opened
2021-12-19 21:44:09,039 INFO :: Initialized connection towards binance future
2021-12-19 21:44:11,154 INFO :: Binance wss connection opened
2021-12-19 21:47:40,394 INFO :: Initialized connection towards binance future
2021-12-19 21:47:41,893 INFO :: Binance wss connection opened
2021-12-19 21:49:06,685 INFO :: Initialized connection towards binance future
2021-12-19 21:49:08,221 INFO :: Binance wss connection opened
2021-12-19 22:04:30,972 INFO :: Initialized connection towards binance future
2021-12-19 22:04:32,605 INFO :: Binance wss connection opened
2021-12-19 22:05:46,235 INFO :: Initialized connection towards binance future
2021-12-19 22:05:47,770 INFO :: Binance wss connection opened
2021-12-19 22:06:30,374 INFO :: Initialized connection towards binance future
2021-12-19 22:06:31,905 INFO :: Binance wss connection opened
2021-12-21 22:07:33,200 INFO :: Initialized connection towards binance future
2021-12-21 22:07:34,731 INFO :: Binance wss connection opened
2021-12-21 22:08:34,331 INFO :: Initialized connection towards binance future
2021-12-21 22:08:35,864 INFO :: Binance wss connection opened
2021-12-21 22:11:28,517 INFO :: Initialized connection towards binance future
2021-12-21 22:11:29,843 INFO :: Binance wss connection opened
2021-12-21 22:13:18,161 INFO :: Initialized connection towards binance future
2021-12-21 22:13:19,593 INFO :: Binance wss connection opened
2021-12-21 22:14:59,031 INFO :: Initialized connection towards binance future
2021-12-21 22:15:00,459 INFO :: Binance wss connection opened
2021-12-28 21:57:47,320 INFO :: Initialized connection towards binance future
2021-12-28 21:57:49,267 INFO :: Binance wss connection opened
2021-12-28 21:57:49,267 ERROR :: error from callback <bound method BinanceFutureConnector._on_open of <binance_future_api.BinanceFutureConnector object at 0x7f3a6c2b3070>>: subscribe_channel() takes 2 positional arguments but 3 were given
2021-12-28 21:59:07,283 INFO :: Initialized connection towards binance future
2021-12-28 21:59:08,803 INFO :: Binance wss connection opened
2021-12-28 21:59:08,804 ERROR :: error from callback <bound method BinanceFutureConnector._on_open of <binance_future_api.BinanceFutureConnector object at 0x7f17c0b426a0>>: subscribe_channel() takes 2 positional arguments but 3 were given
2021-12-28 22:04:22,356 INFO :: Initialized connection towards binance future
2021-12-28 22:04:23,846 INFO :: Binance wss connection opened
2021-12-28 22:04:23,847 ERROR :: error from callback <bound method BinanceFutureConnector._on_open of <binance_future_api.BinanceFutureConnector object at 0x7f36ce3a46a0>>: subscribe_channel() takes 2 positional arguments but 3 were given
2021-12-28 22:08:15,731 INFO :: Initialized connection towards binance future
2021-12-28 22:08:17,262 INFO :: Binance wss connection opened
2022-01-09 19:49:21,335 INFO :: Initialized connection towards binance future
2022-01-09 19:49:23,151 INFO :: Binance wss connection opened
